<?xml version="1.0" encoding="UTF-8"?>
<!-- Generated by org.testng.reporters.JUnitXMLReporter -->
<testsuite hostname="Locs-MacBook-Pro.local" ignored="0" name="Get current data for one location by City Name" tests="10" failures="0" timestamp="31 May 2021 04:30:58 GMT" time="7.835" errors="0">
  <testcase name="TC_API_0001_Get_current_weather_data_with_VALID_CityName" time="3.846" classname="com.currentweather.api.TC_API_0001_Get_current_weather_data_with_VALID_CityName"/>
  <testcase name="TC_API_0001_Get_current_weather_data_with_VALID_CityName" time="0.392" classname="com.currentweather.api.TC_API_0001_Get_current_weather_data_with_VALID_CityName"/>
  <testcase name="TC_API_0001_Get_current_weather_data_with_VALID_CityName" time="0.263" classname="com.currentweather.api.TC_API_0001_Get_current_weather_data_with_VALID_CityName"/>
  <testcase name="TC_API_0001_Get_current_weather_data_with_VALID_CityName" time="0.264" classname="com.currentweather.api.TC_API_0001_Get_current_weather_data_with_VALID_CityName"/>
  <testcase name="TC_API_0002_Get_current_weather_data_with_INVALID_CityName" time="0.106" classname="com.currentweather.api.TC_API_0002_Get_current_weather_data_with_INVALID_CityName"/>
  <testcase name="TC_API_0002_Get_current_weather_data_with_INVALID_CityName" time="0.116" classname="com.currentweather.api.TC_API_0002_Get_current_weather_data_with_INVALID_CityName"/>
  <testcase name="TC_API_0002_Get_current_weather_data_with_INVALID_CityName" time="0.113" classname="com.currentweather.api.TC_API_0002_Get_current_weather_data_with_INVALID_CityName"/>
  <testcase name="TC_API_0002_Get_current_weather_data_with_INVALID_CityName" time="0.111" classname="com.currentweather.api.TC_API_0002_Get_current_weather_data_with_INVALID_CityName"/>
  <testcase name="TC_API_0002_Get_current_weather_data_with_INVALID_CityName" time="0.098" classname="com.currentweather.api.TC_API_0002_Get_current_weather_data_with_INVALID_CityName"/>
  <testcase name="TC_API_0002_Get_current_weather_data_with_INVALID_CityName" time="0.171" classname="com.currentweather.api.TC_API_0002_Get_current_weather_data_with_INVALID_CityName"/>
</testsuite> <!-- Get current data for one location by City Name -->
