<?xml version="1.0" encoding="UTF-8"?>
<!-- Generated by org.testng.reporters.JUnitXMLReporter -->
<testsuite hostname="Locs-MacBook-Pro.local" ignored="0" name="Get current data for one location by City Name and State Code" tests="10" failures="1" timestamp="31 May 2021 04:31:00 GMT" time="2.108" errors="0">
  <testcase name="TC_API_0003_Get_current_weather_data_with_VALID_CityName_and_StateCode" time="0.25" classname="com.currentweather.api.TC_API_0003_Get_current_weather_data_with_VALID_CityName_and_StateCode"/>
  <testcase name="TC_API_0003_Get_current_weather_data_with_VALID_CityName_and_StateCode" time="0.262" classname="com.currentweather.api.TC_API_0003_Get_current_weather_data_with_VALID_CityName_and_StateCode"/>
  <testcase name="TC_API_0003_Get_current_weather_data_with_VALID_CityName_and_StateCode" time="0.202" classname="com.currentweather.api.TC_API_0003_Get_current_weather_data_with_VALID_CityName_and_StateCode"/>
  <testcase name="TC_API_0003_Get_current_weather_data_with_VALID_CityName_and_StateCode" time="0.247" classname="com.currentweather.api.TC_API_0003_Get_current_weather_data_with_VALID_CityName_and_StateCode"/>
  <testcase name="TC_API_0003_Get_current_weather_data_with_VALID_CityName_and_StateCode" time="0.283" classname="com.currentweather.api.TC_API_0003_Get_current_weather_data_with_VALID_CityName_and_StateCode"/>
  <testcase name="TC_API_0004_Get_current_weather_data_with_INVALID_CityName_and_StateCode" time="0.128" classname="com.currentweather.api.TC_API_0004_Get_current_weather_data_with_INVALID_CityName_and_StateCode"/>
  <testcase name="TC_API_0004_Get_current_weather_data_with_INVALID_CityName_and_StateCode" time="0.104" classname="com.currentweather.api.TC_API_0004_Get_current_weather_data_with_INVALID_CityName_and_StateCode"/>
  <testcase name="TC_API_0004_Get_current_weather_data_with_INVALID_CityName_and_StateCode" time="0.205" classname="com.currentweather.api.TC_API_0004_Get_current_weather_data_with_INVALID_CityName_and_StateCode"/>
  <testcase name="TC_API_0004_Get_current_weather_data_with_INVALID_CityName_and_StateCode" time="0.124" classname="com.currentweather.api.TC_API_0004_Get_current_weather_data_with_INVALID_CityName_and_StateCode">
    <failure type="java.lang.AssertionError" message="expected:&amp;lt;404&amp;gt; but was:&amp;lt;200&amp;gt;">
      <![CDATA[java.lang.AssertionError: expected:<404> but was:<200>
at org.junit.Assert.fail(Assert.java:88)
at org.junit.Assert.failNotEquals(Assert.java:834)
at org.junit.Assert.assertEquals(Assert.java:645)
at org.junit.Assert.assertEquals(Assert.java:631)
at com.currentweather.api.TC_API_0004_Get_current_weather_data_with_INVALID_CityName_and_StateCode.TC_API_0004_Get_current_weather_data_with_INVALID_CityName_and_StateCode(TC_API_0004_Get_current_weather_data_with_INVALID_CityName_and_StateCode.java:37)
... Removed 25 stack frames]]>
    </failure>
  </testcase> <!-- TC_API_0004_Get_current_weather_data_with_INVALID_CityName_and_StateCode -->
  <testcase name="TC_API_0004_Get_current_weather_data_with_INVALID_CityName_and_StateCode" time="0.087" classname="com.currentweather.api.TC_API_0004_Get_current_weather_data_with_INVALID_CityName_and_StateCode"/>
</testsuite> <!-- Get current data for one location by City Name and State Code -->
