<?xml version="1.0" encoding="UTF-8"?>
<testng-results skipped="0" failed="1" ignored="0" total="32" passed="31">
  <reporter-output>
    <line>
      <![CDATA[11:30:50.489 [main] INFO  com.currentweather.utils.LogHelper - Parsing the test data...
]]>
    </line>
    <line>
      <![CDATA[]]>
    </line>
    <line>
      <![CDATA[11:30:50.496 [main] INFO  com.currentweather.utils.LogHelper - The test data of the testcase Id TC_API_0001 is loaded. The data is: {"specificRows":"","sheetName":"ValidData","xlFilePath":"testdata\/api\/weather\/TC_API_0001_0002.xlsx"}
]]>
    </line>
    <line>
      <![CDATA[]]>
    </line>
    <line>
      <![CDATA[11:30:52.680 [main] INFO  com.currentweather.utils.LogHelper - 1. Send Get request to the server with city = London
]]>
    </line>
    <line>
      <![CDATA[]]>
    </line>
    <line>
      <![CDATA[11:30:55.437 [main] INFO  com.currentweather.utils.LogHelper - 2. Get content type of api
]]>
    </line>
    <line>
      <![CDATA[]]>
    </line>
    <line>
      <![CDATA[11:30:55.437 [main] INFO  com.currentweather.utils.LogHelper - *Validation Point*: Verify content type is default JSON 
]]>
    </line>
    <line>
      <![CDATA[]]>
    </line>
    <line>
      <![CDATA[11:30:55.440 [main] INFO  com.currentweather.utils.LogHelper - 3. Get the response status code
]]>
    </line>
    <line>
      <![CDATA[]]>
    </line>
    <line>
      <![CDATA[11:30:55.441 [main] INFO  com.currentweather.utils.LogHelper - Validation Point: Verify response status code is 200
]]>
    </line>
    <line>
      <![CDATA[]]>
    </line>
    <line>
      <![CDATA[11:30:55.441 [main] INFO  com.currentweather.utils.LogHelper - 4. Get response body
]]>
    </line>
    <line>
      <![CDATA[]]>
    </line>
    <line>
      <![CDATA[11:30:55.522 [main] INFO  com.currentweather.utils.LogHelper - *Validation Point*: Verify response body returns correctly longitude
]]>
    </line>
    <line>
      <![CDATA[]]>
    </line>
    <line>
      <![CDATA[11:30:56.416 [main] INFO  com.currentweather.utils.LogHelper - *Validation Point*: Verify response body returns correctly latitude
]]>
    </line>
    <line>
      <![CDATA[]]>
    </line>
    <line>
      <![CDATA[11:30:56.434 [main] INFO  com.currentweather.utils.LogHelper - *Validation Point*: Verify response body returns correctly location id
]]>
    </line>
    <line>
      <![CDATA[]]>
    </line>
    <line>
      <![CDATA[11:30:56.449 [main] INFO  com.currentweather.utils.LogHelper - *Validation Point*: Verify response body returns correctly location name
]]>
    </line>
    <line>
      <![CDATA[]]>
    </line>
    <line>
      <![CDATA[11:30:56.466 [main] INFO  com.currentweather.utils.LogHelper - *Validation Point*: Verify response body returns correctly location cod
]]>
    </line>
    <line>
      <![CDATA[]]>
    </line>
    <line>
      <![CDATA[11:30:56.483 [main] INFO  com.currentweather.utils.LogHelper - *Validation Point*: Verify response body returns correctly country
]]>
    </line>
    <line>
      <![CDATA[]]>
    </line>
    <line>
      <![CDATA[11:30:56.521 [main] INFO  com.currentweather.utils.LogHelper - 1. Send Get request to the server with city = Hyltebruk
]]>
    </line>
    <line>
      <![CDATA[]]>
    </line>
    <line>
      <![CDATA[11:30:56.817 [main] INFO  com.currentweather.utils.LogHelper - 2. Get content type of api
]]>
    </line>
    <line>
      <![CDATA[]]>
    </line>
    <line>
      <![CDATA[11:30:56.817 [main] INFO  com.currentweather.utils.LogHelper - *Validation Point*: Verify content type is default JSON 
]]>
    </line>
    <line>
      <![CDATA[]]>
    </line>
    <line>
      <![CDATA[11:30:56.818 [main] INFO  com.currentweather.utils.LogHelper - 3. Get the response status code
]]>
    </line>
    <line>
      <![CDATA[]]>
    </line>
    <line>
      <![CDATA[11:30:56.818 [main] INFO  com.currentweather.utils.LogHelper - Validation Point: Verify response status code is 200
]]>
    </line>
    <line>
      <![CDATA[]]>
    </line>
    <line>
      <![CDATA[11:30:56.818 [main] INFO  com.currentweather.utils.LogHelper - 4. Get response body
]]>
    </line>
    <line>
      <![CDATA[]]>
    </line>
    <line>
      <![CDATA[11:30:56.819 [main] INFO  com.currentweather.utils.LogHelper - *Validation Point*: Verify response body returns correctly longitude
]]>
    </line>
    <line>
      <![CDATA[]]>
    </line>
    <line>
      <![CDATA[11:30:56.845 [main] INFO  com.currentweather.utils.LogHelper - *Validation Point*: Verify response body returns correctly latitude
]]>
    </line>
    <line>
      <![CDATA[]]>
    </line>
    <line>
      <![CDATA[11:30:56.860 [main] INFO  com.currentweather.utils.LogHelper - *Validation Point*: Verify response body returns correctly location id
]]>
    </line>
    <line>
      <![CDATA[]]>
    </line>
    <line>
      <![CDATA[11:30:56.874 [main] INFO  com.currentweather.utils.LogHelper - *Validation Point*: Verify response body returns correctly location name
]]>
    </line>
    <line>
      <![CDATA[]]>
    </line>
    <line>
      <![CDATA[11:30:56.887 [main] INFO  com.currentweather.utils.LogHelper - *Validation Point*: Verify response body returns correctly location cod
]]>
    </line>
    <line>
      <![CDATA[]]>
    </line>
    <line>
      <![CDATA[11:30:56.900 [main] INFO  com.currentweather.utils.LogHelper - *Validation Point*: Verify response body returns correctly country
]]>
    </line>
    <line>
      <![CDATA[]]>
    </line>
    <line>
      <![CDATA[11:30:56.913 [main] INFO  com.currentweather.utils.LogHelper - 1. Send Get request to the server with city = California
]]>
    </line>
    <line>
      <![CDATA[]]>
    </line>
    <line>
      <![CDATA[11:30:57.021 [main] INFO  com.currentweather.utils.LogHelper - 2. Get content type of api
]]>
    </line>
    <line>
      <![CDATA[]]>
    </line>
    <line>
      <![CDATA[11:30:57.021 [main] INFO  com.currentweather.utils.LogHelper - *Validation Point*: Verify content type is default JSON 
]]>
    </line>
    <line>
      <![CDATA[]]>
    </line>
    <line>
      <![CDATA[11:30:57.021 [main] INFO  com.currentweather.utils.LogHelper - 3. Get the response status code
]]>
    </line>
    <line>
      <![CDATA[]]>
    </line>
    <line>
      <![CDATA[11:30:57.022 [main] INFO  com.currentweather.utils.LogHelper - Validation Point: Verify response status code is 200
]]>
    </line>
    <line>
      <![CDATA[]]>
    </line>
    <line>
      <![CDATA[11:30:57.022 [main] INFO  com.currentweather.utils.LogHelper - 4. Get response body
]]>
    </line>
    <line>
      <![CDATA[]]>
    </line>
    <line>
      <![CDATA[11:30:57.023 [main] INFO  com.currentweather.utils.LogHelper - *Validation Point*: Verify response body returns correctly longitude
]]>
    </line>
    <line>
      <![CDATA[]]>
    </line>
    <line>
      <![CDATA[11:30:57.059 [main] INFO  com.currentweather.utils.LogHelper - *Validation Point*: Verify response body returns correctly latitude
]]>
    </line>
    <line>
      <![CDATA[]]>
    </line>
    <line>
      <![CDATA[11:30:57.091 [main] INFO  com.currentweather.utils.LogHelper - *Validation Point*: Verify response body returns correctly location id
]]>
    </line>
    <line>
      <![CDATA[]]>
    </line>
    <line>
      <![CDATA[11:30:57.120 [main] INFO  com.currentweather.utils.LogHelper - *Validation Point*: Verify response body returns correctly location name
]]>
    </line>
    <line>
      <![CDATA[]]>
    </line>
    <line>
      <![CDATA[11:30:57.141 [main] INFO  com.currentweather.utils.LogHelper - *Validation Point*: Verify response body returns correctly location cod
]]>
    </line>
    <line>
      <![CDATA[]]>
    </line>
    <line>
      <![CDATA[11:30:57.157 [main] INFO  com.currentweather.utils.LogHelper - *Validation Point*: Verify response body returns correctly country
]]>
    </line>
    <line>
      <![CDATA[]]>
    </line>
    <line>
      <![CDATA[11:30:57.176 [main] INFO  com.currentweather.utils.LogHelper - 1. Send Get request to the server with city = Qarālar-e Mīrzā Ḩoseynqolī
]]>
    </line>
    <line>
      <![CDATA[]]>
    </line>
    <line>
      <![CDATA[11:30:57.317 [main] INFO  com.currentweather.utils.LogHelper - 2. Get content type of api
]]>
    </line>
    <line>
      <![CDATA[]]>
    </line>
    <line>
      <![CDATA[11:30:57.317 [main] INFO  com.currentweather.utils.LogHelper - *Validation Point*: Verify content type is default JSON 
]]>
    </line>
    <line>
      <![CDATA[]]>
    </line>
    <line>
      <![CDATA[11:30:57.317 [main] INFO  com.currentweather.utils.LogHelper - 3. Get the response status code
]]>
    </line>
    <line>
      <![CDATA[]]>
    </line>
    <line>
      <![CDATA[11:30:57.317 [main] INFO  com.currentweather.utils.LogHelper - Validation Point: Verify response status code is 200
]]>
    </line>
    <line>
      <![CDATA[]]>
    </line>
    <line>
      <![CDATA[11:30:57.317 [main] INFO  com.currentweather.utils.LogHelper - 4. Get response body
]]>
    </line>
    <line>
      <![CDATA[]]>
    </line>
    <line>
      <![CDATA[11:30:57.319 [main] INFO  com.currentweather.utils.LogHelper - *Validation Point*: Verify response body returns correctly longitude
]]>
    </line>
    <line>
      <![CDATA[]]>
    </line>
    <line>
      <![CDATA[11:30:57.353 [main] INFO  com.currentweather.utils.LogHelper - *Validation Point*: Verify response body returns correctly latitude
]]>
    </line>
    <line>
      <![CDATA[]]>
    </line>
    <line>
      <![CDATA[11:30:57.372 [main] INFO  com.currentweather.utils.LogHelper - *Validation Point*: Verify response body returns correctly location id
]]>
    </line>
    <line>
      <![CDATA[]]>
    </line>
    <line>
      <![CDATA[11:30:57.388 [main] INFO  com.currentweather.utils.LogHelper - *Validation Point*: Verify response body returns correctly location name
]]>
    </line>
    <line>
      <![CDATA[]]>
    </line>
    <line>
      <![CDATA[11:30:57.403 [main] INFO  com.currentweather.utils.LogHelper - *Validation Point*: Verify response body returns correctly location cod
]]>
    </line>
    <line>
      <![CDATA[]]>
    </line>
    <line>
      <![CDATA[11:30:57.414 [main] INFO  com.currentweather.utils.LogHelper - *Validation Point*: Verify response body returns correctly country
]]>
    </line>
    <line>
      <![CDATA[]]>
    </line>
    <line>
      <![CDATA[11:30:57.444 [main] INFO  com.currentweather.utils.LogHelper - Parsing the test data...
]]>
    </line>
    <line>
      <![CDATA[]]>
    </line>
    <line>
      <![CDATA[11:30:57.445 [main] INFO  com.currentweather.utils.LogHelper - The test data of the testcase Id TC_API_0002 is loaded. The data is: {"specificRows":"","sheetName":"InvalidData","xlFilePath":"testdata\/api\/weather\/TC_API_0001_0002.xlsx"}
]]>
    </line>
    <line>
      <![CDATA[]]>
    </line>
    <line>
      <![CDATA[11:30:57.526 [main] INFO  com.currentweather.utils.LogHelper - 1. Send Get request to the server with city = London+US
]]>
    </line>
    <line>
      <![CDATA[]]>
    </line>
    <line>
      <![CDATA[11:30:57.631 [main] INFO  com.currentweather.utils.LogHelper - 2. Get content type of api
]]>
    </line>
    <line>
      <![CDATA[]]>
    </line>
    <line>
      <![CDATA[11:30:57.631 [main] INFO  com.currentweather.utils.LogHelper - *Validation Point*: Verify content type is default JSON 
]]>
    </line>
    <line>
      <![CDATA[]]>
    </line>
    <line>
      <![CDATA[11:30:57.632 [main] INFO  com.currentweather.utils.LogHelper - 3. Get the response status code
]]>
    </line>
    <line>
      <![CDATA[]]>
    </line>
    <line>
      <![CDATA[11:30:57.632 [main] INFO  com.currentweather.utils.LogHelper - *Validation Point*: Verify response status code is 200
]]>
    </line>
    <line>
      <![CDATA[]]>
    </line>
    <line>
      <![CDATA[11:30:57.633 [main] INFO  com.currentweather.utils.LogHelper - 1. Send Get request to the server with city = testingforlongcharacter#@$%@#$%@#$%
]]>
    </line>
    <line>
      <![CDATA[]]>
    </line>
    <line>
      <![CDATA[11:30:57.744 [main] INFO  com.currentweather.utils.LogHelper - 2. Get content type of api
]]>
    </line>
    <line>
      <![CDATA[]]>
    </line>
    <line>
      <![CDATA[11:30:57.745 [main] INFO  com.currentweather.utils.LogHelper - *Validation Point*: Verify content type is default JSON 
]]>
    </line>
    <line>
      <![CDATA[]]>
    </line>
    <line>
      <![CDATA[11:30:57.748 [main] INFO  com.currentweather.utils.LogHelper - 3. Get the response status code
]]>
    </line>
    <line>
      <![CDATA[]]>
    </line>
    <line>
      <![CDATA[11:30:57.749 [main] INFO  com.currentweather.utils.LogHelper - *Validation Point*: Verify response status code is 200
]]>
    </line>
    <line>
      <![CDATA[]]>
    </line>
    <line>
      <![CDATA[11:30:57.750 [main] INFO  com.currentweather.utils.LogHelper - 1. Send Get request to the server with city = NULL
]]>
    </line>
    <line>
      <![CDATA[]]>
    </line>
    <line>
      <![CDATA[11:30:57.862 [main] INFO  com.currentweather.utils.LogHelper - 2. Get content type of api
]]>
    </line>
    <line>
      <![CDATA[]]>
    </line>
    <line>
      <![CDATA[11:30:57.862 [main] INFO  com.currentweather.utils.LogHelper - *Validation Point*: Verify content type is default JSON 
]]>
    </line>
    <line>
      <![CDATA[]]>
    </line>
    <line>
      <![CDATA[11:30:57.863 [main] INFO  com.currentweather.utils.LogHelper - 3. Get the response status code
]]>
    </line>
    <line>
      <![CDATA[]]>
    </line>
    <line>
      <![CDATA[11:30:57.863 [main] INFO  com.currentweather.utils.LogHelper - *Validation Point*: Verify response status code is 200
]]>
    </line>
    <line>
      <![CDATA[]]>
    </line>
    <line>
      <![CDATA[11:30:57.864 [main] INFO  com.currentweather.utils.LogHelper - 1. Send Get request to the server with city = 2342345.0
]]>
    </line>
    <line>
      <![CDATA[]]>
    </line>
    <line>
      <![CDATA[11:30:57.973 [main] INFO  com.currentweather.utils.LogHelper - 2. Get content type of api
]]>
    </line>
    <line>
      <![CDATA[]]>
    </line>
    <line>
      <![CDATA[11:30:57.974 [main] INFO  com.currentweather.utils.LogHelper - *Validation Point*: Verify content type is default JSON 
]]>
    </line>
    <line>
      <![CDATA[]]>
    </line>
    <line>
      <![CDATA[11:30:57.974 [main] INFO  com.currentweather.utils.LogHelper - 3. Get the response status code
]]>
    </line>
    <line>
      <![CDATA[]]>
    </line>
    <line>
      <![CDATA[11:30:57.974 [main] INFO  com.currentweather.utils.LogHelper - *Validation Point*: Verify response status code is 200
]]>
    </line>
    <line>
      <![CDATA[]]>
    </line>
    <line>
      <![CDATA[11:30:57.977 [main] INFO  com.currentweather.utils.LogHelper - 1. Send Get request to the server with city = 12#!@$
]]>
    </line>
    <line>
      <![CDATA[]]>
    </line>
    <line>
      <![CDATA[11:30:58.074 [main] INFO  com.currentweather.utils.LogHelper - 2. Get content type of api
]]>
    </line>
    <line>
      <![CDATA[]]>
    </line>
    <line>
      <![CDATA[11:30:58.074 [main] INFO  com.currentweather.utils.LogHelper - *Validation Point*: Verify content type is default JSON 
]]>
    </line>
    <line>
      <![CDATA[]]>
    </line>
    <line>
      <![CDATA[11:30:58.074 [main] INFO  com.currentweather.utils.LogHelper - 3. Get the response status code
]]>
    </line>
    <line>
      <![CDATA[]]>
    </line>
    <line>
      <![CDATA[11:30:58.074 [main] INFO  com.currentweather.utils.LogHelper - *Validation Point*: Verify response status code is 200
]]>
    </line>
    <line>
      <![CDATA[]]>
    </line>
    <line>
      <![CDATA[11:30:58.075 [main] INFO  com.currentweather.utils.LogHelper - 1. Send Get request to the server with city = Lodon@gmail.com
]]>
    </line>
    <line>
      <![CDATA[]]>
    </line>
    <line>
      <![CDATA[11:30:58.242 [main] INFO  com.currentweather.utils.LogHelper - 2. Get content type of api
]]>
    </line>
    <line>
      <![CDATA[]]>
    </line>
    <line>
      <![CDATA[11:30:58.243 [main] INFO  com.currentweather.utils.LogHelper - *Validation Point*: Verify content type is default JSON 
]]>
    </line>
    <line>
      <![CDATA[]]>
    </line>
    <line>
      <![CDATA[11:30:58.244 [main] INFO  com.currentweather.utils.LogHelper - 3. Get the response status code
]]>
    </line>
    <line>
      <![CDATA[]]>
    </line>
    <line>
      <![CDATA[11:30:58.245 [main] INFO  com.currentweather.utils.LogHelper - *Validation Point*: Verify response status code is 200
]]>
    </line>
    <line>
      <![CDATA[]]>
    </line>
    <line>
      <![CDATA[11:30:58.494 [main] INFO  com.currentweather.utils.LogHelper - Parsing the test data...
]]>
    </line>
    <line>
      <![CDATA[]]>
    </line>
    <line>
      <![CDATA[11:30:58.495 [main] INFO  com.currentweather.utils.LogHelper - The test data of the testcase Id TC_API_0003 is loaded. The data is: {"specificRows":"","sheetName":"ValidData","xlFilePath":"testdata\/api\/weather\/TC_API_0003_0004.xlsx"}
]]>
    </line>
    <line>
      <![CDATA[]]>
    </line>
    <line>
      <![CDATA[11:30:58.575 [main] INFO  com.currentweather.utils.LogHelper - 1. Send Get request to the server with city = London and sate name = UK
]]>
    </line>
    <line>
      <![CDATA[]]>
    </line>
    <line>
      <![CDATA[11:30:58.680 [main] INFO  com.currentweather.utils.LogHelper - 2. Get content type of api
]]>
    </line>
    <line>
      <![CDATA[]]>
    </line>
    <line>
      <![CDATA[11:30:58.680 [main] INFO  com.currentweather.utils.LogHelper - *Validation Point*: Verify content type is default JSON 
]]>
    </line>
    <line>
      <![CDATA[]]>
    </line>
    <line>
      <![CDATA[11:30:58.680 [main] INFO  com.currentweather.utils.LogHelper - 3. Get the response status code
]]>
    </line>
    <line>
      <![CDATA[]]>
    </line>
    <line>
      <![CDATA[11:30:58.680 [main] INFO  com.currentweather.utils.LogHelper - *Validation Point*: Verify response status code is 200
]]>
    </line>
    <line>
      <![CDATA[]]>
    </line>
    <line>
      <![CDATA[11:30:58.680 [main] INFO  com.currentweather.utils.LogHelper - 4. Get response body
]]>
    </line>
    <line>
      <![CDATA[]]>
    </line>
    <line>
      <![CDATA[11:30:58.681 [main] INFO  com.currentweather.utils.LogHelper - *Validation Point*: Verify response body returns correctly longitude
]]>
    </line>
    <line>
      <![CDATA[]]>
    </line>
    <line>
      <![CDATA[11:30:58.695 [main] INFO  com.currentweather.utils.LogHelper - *Validation Point*: Verify response body returns correctly latitude
]]>
    </line>
    <line>
      <![CDATA[]]>
    </line>
    <line>
      <![CDATA[11:30:58.721 [main] INFO  com.currentweather.utils.LogHelper - *Validation Point*: Verify response body returns correctly location id
]]>
    </line>
    <line>
      <![CDATA[]]>
    </line>
    <line>
      <![CDATA[11:30:58.760 [main] INFO  com.currentweather.utils.LogHelper - *Validation Point*: Verify response body returns correctly location name
]]>
    </line>
    <line>
      <![CDATA[]]>
    </line>
    <line>
      <![CDATA[11:30:58.786 [main] INFO  com.currentweather.utils.LogHelper - *Validation Point*: Verify response body returns correctly location cod
]]>
    </line>
    <line>
      <![CDATA[]]>
    </line>
    <line>
      <![CDATA[11:30:58.813 [main] INFO  com.currentweather.utils.LogHelper - *Validation Point*: Verify response body returns correctly country
]]>
    </line>
    <line>
      <![CDATA[]]>
    </line>
    <line>
      <![CDATA[11:30:58.825 [main] INFO  com.currentweather.utils.LogHelper - 1. Send Get request to the server with city = London and sate name = US
]]>
    </line>
    <line>
      <![CDATA[]]>
    </line>
    <line>
      <![CDATA[11:30:58.994 [main] INFO  com.currentweather.utils.LogHelper - 2. Get content type of api
]]>
    </line>
    <line>
      <![CDATA[]]>
    </line>
    <line>
      <![CDATA[11:30:58.995 [main] INFO  com.currentweather.utils.LogHelper - *Validation Point*: Verify content type is default JSON 
]]>
    </line>
    <line>
      <![CDATA[]]>
    </line>
    <line>
      <![CDATA[11:30:58.995 [main] INFO  com.currentweather.utils.LogHelper - 3. Get the response status code
]]>
    </line>
    <line>
      <![CDATA[]]>
    </line>
    <line>
      <![CDATA[11:30:58.995 [main] INFO  com.currentweather.utils.LogHelper - *Validation Point*: Verify response status code is 200
]]>
    </line>
    <line>
      <![CDATA[]]>
    </line>
    <line>
      <![CDATA[11:30:58.995 [main] INFO  com.currentweather.utils.LogHelper - 4. Get response body
]]>
    </line>
    <line>
      <![CDATA[]]>
    </line>
    <line>
      <![CDATA[11:30:58.996 [main] INFO  com.currentweather.utils.LogHelper - *Validation Point*: Verify response body returns correctly longitude
]]>
    </line>
    <line>
      <![CDATA[]]>
    </line>
    <line>
      <![CDATA[11:30:59.018 [main] INFO  com.currentweather.utils.LogHelper - *Validation Point*: Verify response body returns correctly latitude
]]>
    </line>
    <line>
      <![CDATA[]]>
    </line>
    <line>
      <![CDATA[11:30:59.034 [main] INFO  com.currentweather.utils.LogHelper - *Validation Point*: Verify response body returns correctly location id
]]>
    </line>
    <line>
      <![CDATA[]]>
    </line>
    <line>
      <![CDATA[11:30:59.047 [main] INFO  com.currentweather.utils.LogHelper - *Validation Point*: Verify response body returns correctly location name
]]>
    </line>
    <line>
      <![CDATA[]]>
    </line>
    <line>
      <![CDATA[11:30:59.057 [main] INFO  com.currentweather.utils.LogHelper - *Validation Point*: Verify response body returns correctly location cod
]]>
    </line>
    <line>
      <![CDATA[]]>
    </line>
    <line>
      <![CDATA[11:30:59.074 [main] INFO  com.currentweather.utils.LogHelper - *Validation Point*: Verify response body returns correctly country
]]>
    </line>
    <line>
      <![CDATA[]]>
    </line>
    <line>
      <![CDATA[11:30:59.088 [main] INFO  com.currentweather.utils.LogHelper - 1. Send Get request to the server with city = California and sate name = US
]]>
    </line>
    <line>
      <![CDATA[]]>
    </line>
    <line>
      <![CDATA[11:30:59.152 [main] INFO  com.currentweather.utils.LogHelper - 2. Get content type of api
]]>
    </line>
    <line>
      <![CDATA[]]>
    </line>
    <line>
      <![CDATA[11:30:59.153 [main] INFO  com.currentweather.utils.LogHelper - *Validation Point*: Verify content type is default JSON 
]]>
    </line>
    <line>
      <![CDATA[]]>
    </line>
    <line>
      <![CDATA[11:30:59.153 [main] INFO  com.currentweather.utils.LogHelper - 3. Get the response status code
]]>
    </line>
    <line>
      <![CDATA[]]>
    </line>
    <line>
      <![CDATA[11:30:59.153 [main] INFO  com.currentweather.utils.LogHelper - *Validation Point*: Verify response status code is 200
]]>
    </line>
    <line>
      <![CDATA[]]>
    </line>
    <line>
      <![CDATA[11:30:59.153 [main] INFO  com.currentweather.utils.LogHelper - 4. Get response body
]]>
    </line>
    <line>
      <![CDATA[]]>
    </line>
    <line>
      <![CDATA[11:30:59.154 [main] INFO  com.currentweather.utils.LogHelper - *Validation Point*: Verify response body returns correctly longitude
]]>
    </line>
    <line>
      <![CDATA[]]>
    </line>
    <line>
      <![CDATA[11:30:59.171 [main] INFO  com.currentweather.utils.LogHelper - *Validation Point*: Verify response body returns correctly latitude
]]>
    </line>
    <line>
      <![CDATA[]]>
    </line>
    <line>
      <![CDATA[11:30:59.184 [main] INFO  com.currentweather.utils.LogHelper - *Validation Point*: Verify response body returns correctly location id
]]>
    </line>
    <line>
      <![CDATA[]]>
    </line>
    <line>
      <![CDATA[11:30:59.197 [main] INFO  com.currentweather.utils.LogHelper - *Validation Point*: Verify response body returns correctly location name
]]>
    </line>
    <line>
      <![CDATA[]]>
    </line>
    <line>
      <![CDATA[11:30:59.244 [main] INFO  com.currentweather.utils.LogHelper - *Validation Point*: Verify response body returns correctly location cod
]]>
    </line>
    <line>
      <![CDATA[]]>
    </line>
    <line>
      <![CDATA[11:30:59.262 [main] INFO  com.currentweather.utils.LogHelper - *Validation Point*: Verify response body returns correctly country
]]>
    </line>
    <line>
      <![CDATA[]]>
    </line>
    <line>
      <![CDATA[11:30:59.290 [main] INFO  com.currentweather.utils.LogHelper - 1. Send Get request to the server with city = Charlestown and sate name = 
]]>
    </line>
    <line>
      <![CDATA[]]>
    </line>
    <line>
      <![CDATA[11:30:59.432 [main] INFO  com.currentweather.utils.LogHelper - 2. Get content type of api
]]>
    </line>
    <line>
      <![CDATA[]]>
    </line>
    <line>
      <![CDATA[11:30:59.434 [main] INFO  com.currentweather.utils.LogHelper - *Validation Point*: Verify content type is default JSON 
]]>
    </line>
    <line>
      <![CDATA[]]>
    </line>
    <line>
      <![CDATA[11:30:59.435 [main] INFO  com.currentweather.utils.LogHelper - 3. Get the response status code
]]>
    </line>
    <line>
      <![CDATA[]]>
    </line>
    <line>
      <![CDATA[11:30:59.435 [main] INFO  com.currentweather.utils.LogHelper - *Validation Point*: Verify response status code is 200
]]>
    </line>
    <line>
      <![CDATA[]]>
    </line>
    <line>
      <![CDATA[11:30:59.435 [main] INFO  com.currentweather.utils.LogHelper - 4. Get response body
]]>
    </line>
    <line>
      <![CDATA[]]>
    </line>
    <line>
      <![CDATA[11:30:59.436 [main] INFO  com.currentweather.utils.LogHelper - *Validation Point*: Verify response body returns correctly longitude
]]>
    </line>
    <line>
      <![CDATA[]]>
    </line>
    <line>
      <![CDATA[11:30:59.453 [main] INFO  com.currentweather.utils.LogHelper - *Validation Point*: Verify response body returns correctly latitude
]]>
    </line>
    <line>
      <![CDATA[]]>
    </line>
    <line>
      <![CDATA[11:30:59.465 [main] INFO  com.currentweather.utils.LogHelper - *Validation Point*: Verify response body returns correctly location id
]]>
    </line>
    <line>
      <![CDATA[]]>
    </line>
    <line>
      <![CDATA[11:30:59.486 [main] INFO  com.currentweather.utils.LogHelper - *Validation Point*: Verify response body returns correctly location name
]]>
    </line>
    <line>
      <![CDATA[]]>
    </line>
    <line>
      <![CDATA[11:30:59.506 [main] INFO  com.currentweather.utils.LogHelper - *Validation Point*: Verify response body returns correctly location cod
]]>
    </line>
    <line>
      <![CDATA[]]>
    </line>
    <line>
      <![CDATA[11:30:59.523 [main] INFO  com.currentweather.utils.LogHelper - *Validation Point*: Verify response body returns correctly country
]]>
    </line>
    <line>
      <![CDATA[]]>
    </line>
    <line>
      <![CDATA[11:30:59.538 [main] INFO  com.currentweather.utils.LogHelper - 1. Send Get request to the server with city = Qarālar-e Mīrzā Ḩoseynqolī and sate name = IR
]]>
    </line>
    <line>
      <![CDATA[]]>
    </line>
    <line>
      <![CDATA[11:30:59.682 [main] INFO  com.currentweather.utils.LogHelper - 2. Get content type of api
]]>
    </line>
    <line>
      <![CDATA[]]>
    </line>
    <line>
      <![CDATA[11:30:59.685 [main] INFO  com.currentweather.utils.LogHelper - *Validation Point*: Verify content type is default JSON 
]]>
    </line>
    <line>
      <![CDATA[]]>
    </line>
    <line>
      <![CDATA[11:30:59.686 [main] INFO  com.currentweather.utils.LogHelper - 3. Get the response status code
]]>
    </line>
    <line>
      <![CDATA[]]>
    </line>
    <line>
      <![CDATA[11:30:59.686 [main] INFO  com.currentweather.utils.LogHelper - *Validation Point*: Verify response status code is 200
]]>
    </line>
    <line>
      <![CDATA[]]>
    </line>
    <line>
      <![CDATA[11:30:59.686 [main] INFO  com.currentweather.utils.LogHelper - 4. Get response body
]]>
    </line>
    <line>
      <![CDATA[]]>
    </line>
    <line>
      <![CDATA[11:30:59.689 [main] INFO  com.currentweather.utils.LogHelper - *Validation Point*: Verify response body returns correctly longitude
]]>
    </line>
    <line>
      <![CDATA[]]>
    </line>
    <line>
      <![CDATA[11:30:59.731 [main] INFO  com.currentweather.utils.LogHelper - *Validation Point*: Verify response body returns correctly latitude
]]>
    </line>
    <line>
      <![CDATA[]]>
    </line>
    <line>
      <![CDATA[11:30:59.764 [main] INFO  com.currentweather.utils.LogHelper - *Validation Point*: Verify response body returns correctly location id
]]>
    </line>
    <line>
      <![CDATA[]]>
    </line>
    <line>
      <![CDATA[11:30:59.781 [main] INFO  com.currentweather.utils.LogHelper - *Validation Point*: Verify response body returns correctly location name
]]>
    </line>
    <line>
      <![CDATA[]]>
    </line>
    <line>
      <![CDATA[11:30:59.795 [main] INFO  com.currentweather.utils.LogHelper - *Validation Point*: Verify response body returns correctly location cod
]]>
    </line>
    <line>
      <![CDATA[]]>
    </line>
    <line>
      <![CDATA[11:30:59.807 [main] INFO  com.currentweather.utils.LogHelper - *Validation Point*: Verify response body returns correctly country
]]>
    </line>
    <line>
      <![CDATA[]]>
    </line>
    <line>
      <![CDATA[11:30:59.823 [main] INFO  com.currentweather.utils.LogHelper - Parsing the test data...
]]>
    </line>
    <line>
      <![CDATA[]]>
    </line>
    <line>
      <![CDATA[11:30:59.823 [main] INFO  com.currentweather.utils.LogHelper - The test data of the testcase Id TC_API_0004 is loaded. The data is: {"specificRows":"","sheetName":"InvalidData","xlFilePath":"testdata\/api\/weather\/TC_API_0003_0004.xlsx"}
]]>
    </line>
    <line>
      <![CDATA[]]>
    </line>
    <line>
      <![CDATA[11:30:59.941 [main] INFO  com.currentweather.utils.LogHelper - 1. Send Get request to the server with city = London+US and sate name = UKK
]]>
    </line>
    <line>
      <![CDATA[]]>
    </line>
    <line>
      <![CDATA[11:31:00.066 [main] INFO  com.currentweather.utils.LogHelper - 2. Get content type of api
]]>
    </line>
    <line>
      <![CDATA[]]>
    </line>
    <line>
      <![CDATA[11:31:00.067 [main] INFO  com.currentweather.utils.LogHelper - *Validation Point*: Verify content type is default JSON 
]]>
    </line>
    <line>
      <![CDATA[]]>
    </line>
    <line>
      <![CDATA[11:31:00.068 [main] INFO  com.currentweather.utils.LogHelper - 3. Get the response status code
]]>
    </line>
    <line>
      <![CDATA[]]>
    </line>
    <line>
      <![CDATA[11:31:00.068 [main] INFO  com.currentweather.utils.LogHelper - *Validation Point*: Verify response status code is 200
]]>
    </line>
    <line>
      <![CDATA[]]>
    </line>
    <line>
      <![CDATA[11:31:00.068 [main] INFO  com.currentweather.utils.LogHelper - 1. Send Get request to the server with city = FASDFAS and sate name = USS
]]>
    </line>
    <line>
      <![CDATA[]]>
    </line>
    <line>
      <![CDATA[11:31:00.171 [main] INFO  com.currentweather.utils.LogHelper - 2. Get content type of api
]]>
    </line>
    <line>
      <![CDATA[]]>
    </line>
    <line>
      <![CDATA[11:31:00.171 [main] INFO  com.currentweather.utils.LogHelper - *Validation Point*: Verify content type is default JSON 
]]>
    </line>
    <line>
      <![CDATA[]]>
    </line>
    <line>
      <![CDATA[11:31:00.172 [main] INFO  com.currentweather.utils.LogHelper - 3. Get the response status code
]]>
    </line>
    <line>
      <![CDATA[]]>
    </line>
    <line>
      <![CDATA[11:31:00.172 [main] INFO  com.currentweather.utils.LogHelper - *Validation Point*: Verify response status code is 200
]]>
    </line>
    <line>
      <![CDATA[]]>
    </line>
    <line>
      <![CDATA[11:31:00.172 [main] INFO  com.currentweather.utils.LogHelper - 1. Send Get request to the server with city = California@#$%@#$% and sate name = 
]]>
    </line>
    <line>
      <![CDATA[]]>
    </line>
    <line>
      <![CDATA[11:31:00.376 [main] INFO  com.currentweather.utils.LogHelper - 2. Get content type of api
]]>
    </line>
    <line>
      <![CDATA[]]>
    </line>
    <line>
      <![CDATA[11:31:00.377 [main] INFO  com.currentweather.utils.LogHelper - *Validation Point*: Verify content type is default JSON 
]]>
    </line>
    <line>
      <![CDATA[]]>
    </line>
    <line>
      <![CDATA[11:31:00.377 [main] INFO  com.currentweather.utils.LogHelper - 3. Get the response status code
]]>
    </line>
    <line>
      <![CDATA[]]>
    </line>
    <line>
      <![CDATA[11:31:00.377 [main] INFO  com.currentweather.utils.LogHelper - *Validation Point*: Verify response status code is 200
]]>
    </line>
    <line>
      <![CDATA[]]>
    </line>
    <line>
      <![CDATA[11:31:00.378 [main] INFO  com.currentweather.utils.LogHelper - 1. Send Get request to the server with city =  and sate name = US,US
]]>
    </line>
    <line>
      <![CDATA[]]>
    </line>
    <line>
      <![CDATA[11:31:00.500 [main] INFO  com.currentweather.utils.LogHelper - 2. Get content type of api
]]>
    </line>
    <line>
      <![CDATA[]]>
    </line>
    <line>
      <![CDATA[11:31:00.501 [main] INFO  com.currentweather.utils.LogHelper - *Validation Point*: Verify content type is default JSON 
]]>
    </line>
    <line>
      <![CDATA[]]>
    </line>
    <line>
      <![CDATA[11:31:00.501 [main] INFO  com.currentweather.utils.LogHelper - 3. Get the response status code
]]>
    </line>
    <line>
      <![CDATA[]]>
    </line>
    <line>
      <![CDATA[11:31:00.501 [main] INFO  com.currentweather.utils.LogHelper - *Validation Point*: Verify response status code is 200
]]>
    </line>
    <line>
      <![CDATA[]]>
    </line>
    <line>
      <![CDATA[11:31:00.511 [main] INFO  com.currentweather.utils.LogHelper - 1. Send Get request to the server with city = Qarālar-e Mīrzā Ḩoseynqolīa!@# and sate name = IR
]]>
    </line>
    <line>
      <![CDATA[]]>
    </line>
    <line>
      <![CDATA[11:31:00.597 [main] INFO  com.currentweather.utils.LogHelper - 2. Get content type of api
]]>
    </line>
    <line>
      <![CDATA[]]>
    </line>
    <line>
      <![CDATA[11:31:00.597 [main] INFO  com.currentweather.utils.LogHelper - *Validation Point*: Verify content type is default JSON 
]]>
    </line>
    <line>
      <![CDATA[]]>
    </line>
    <line>
      <![CDATA[11:31:00.597 [main] INFO  com.currentweather.utils.LogHelper - 3. Get the response status code
]]>
    </line>
    <line>
      <![CDATA[]]>
    </line>
    <line>
      <![CDATA[11:31:00.597 [main] INFO  com.currentweather.utils.LogHelper - *Validation Point*: Verify response status code is 200
]]>
    </line>
    <line>
      <![CDATA[]]>
    </line>
    <line>
      <![CDATA[11:31:00.615 [main] INFO  com.currentweather.utils.LogHelper - Parsing the test data...
]]>
    </line>
    <line>
      <![CDATA[]]>
    </line>
    <line>
      <![CDATA[11:31:00.616 [main] INFO  com.currentweather.utils.LogHelper - The test data of the testcase Id TC_API_0005 is loaded. The data is: {"specificRows":"","sheetName":"ValidData","xlFilePath":"testdata\/api\/weather\/TC_API_0005_0006.xlsx"}
]]>
    </line>
    <line>
      <![CDATA[]]>
    </line>
    <line>
      <![CDATA[11:31:00.682 [main] INFO  com.currentweather.utils.LogHelper - 1. Send Get request to the server with city = Bel Air and sate name = MDand country code = US
]]>
    </line>
    <line>
      <![CDATA[]]>
    </line>
    <line>
      <![CDATA[11:31:00.821 [main] INFO  com.currentweather.utils.LogHelper - 2. Get content type of api
]]>
    </line>
    <line>
      <![CDATA[]]>
    </line>
    <line>
      <![CDATA[11:31:00.823 [main] INFO  com.currentweather.utils.LogHelper - *Validation Point*: Verify content type is default JSON 
]]>
    </line>
    <line>
      <![CDATA[]]>
    </line>
    <line>
      <![CDATA[11:31:00.824 [main] INFO  com.currentweather.utils.LogHelper - 3. Get the response status code
]]>
    </line>
    <line>
      <![CDATA[]]>
    </line>
    <line>
      <![CDATA[11:31:00.825 [main] INFO  com.currentweather.utils.LogHelper - *Validation Point*: Verify response status code is 200
]]>
    </line>
    <line>
      <![CDATA[]]>
    </line>
    <line>
      <![CDATA[11:31:00.825 [main] INFO  com.currentweather.utils.LogHelper - 4. Get response body
]]>
    </line>
    <line>
      <![CDATA[]]>
    </line>
    <line>
      <![CDATA[11:31:00.826 [main] INFO  com.currentweather.utils.LogHelper - *Validation Point*: Verify response body returns correctly longitude
]]>
    </line>
    <line>
      <![CDATA[]]>
    </line>
    <line>
      <![CDATA[11:31:00.841 [main] INFO  com.currentweather.utils.LogHelper - *Validation Point*: Verify response body returns correctly latitude
]]>
    </line>
    <line>
      <![CDATA[]]>
    </line>
    <line>
      <![CDATA[11:31:00.849 [main] INFO  com.currentweather.utils.LogHelper - *Validation Point*: Verify response body returns correctly location id
]]>
    </line>
    <line>
      <![CDATA[]]>
    </line>
    <line>
      <![CDATA[11:31:00.861 [main] INFO  com.currentweather.utils.LogHelper - *Validation Point*: Verify response body returns correctly location name
]]>
    </line>
    <line>
      <![CDATA[]]>
    </line>
    <line>
      <![CDATA[11:31:00.868 [main] INFO  com.currentweather.utils.LogHelper - *Validation Point*: Verify response body returns correctly location cod
]]>
    </line>
    <line>
      <![CDATA[]]>
    </line>
    <line>
      <![CDATA[11:31:00.877 [main] INFO  com.currentweather.utils.LogHelper - *Validation Point*: Verify response body returns correctly country
]]>
    </line>
    <line>
      <![CDATA[]]>
    </line>
    <line>
      <![CDATA[11:31:00.887 [main] INFO  com.currentweather.utils.LogHelper - 1. Send Get request to the server with city = London and sate name = USand country code = GB
]]>
    </line>
    <line>
      <![CDATA[]]>
    </line>
    <line>
      <![CDATA[11:31:00.960 [main] INFO  com.currentweather.utils.LogHelper - 2. Get content type of api
]]>
    </line>
    <line>
      <![CDATA[]]>
    </line>
    <line>
      <![CDATA[11:31:00.960 [main] INFO  com.currentweather.utils.LogHelper - *Validation Point*: Verify content type is default JSON 
]]>
    </line>
    <line>
      <![CDATA[]]>
    </line>
    <line>
      <![CDATA[11:31:00.960 [main] INFO  com.currentweather.utils.LogHelper - 3. Get the response status code
]]>
    </line>
    <line>
      <![CDATA[]]>
    </line>
    <line>
      <![CDATA[11:31:00.960 [main] INFO  com.currentweather.utils.LogHelper - *Validation Point*: Verify response status code is 200
]]>
    </line>
    <line>
      <![CDATA[]]>
    </line>
    <line>
      <![CDATA[11:31:00.960 [main] INFO  com.currentweather.utils.LogHelper - 4. Get response body
]]>
    </line>
    <line>
      <![CDATA[]]>
    </line>
    <line>
      <![CDATA[11:31:00.963 [main] INFO  com.currentweather.utils.LogHelper - *Validation Point*: Verify response body returns correctly longitude
]]>
    </line>
    <line>
      <![CDATA[]]>
    </line>
    <line>
      <![CDATA[11:31:00.978 [main] INFO  com.currentweather.utils.LogHelper - *Validation Point*: Verify response body returns correctly latitude
]]>
    </line>
    <line>
      <![CDATA[]]>
    </line>
    <line>
      <![CDATA[11:31:00.988 [main] INFO  com.currentweather.utils.LogHelper - *Validation Point*: Verify response body returns correctly location id
]]>
    </line>
    <line>
      <![CDATA[]]>
    </line>
    <line>
      <![CDATA[11:31:00.997 [main] INFO  com.currentweather.utils.LogHelper - *Validation Point*: Verify response body returns correctly location name
]]>
    </line>
    <line>
      <![CDATA[]]>
    </line>
    <line>
      <![CDATA[11:31:01.039 [main] INFO  com.currentweather.utils.LogHelper - *Validation Point*: Verify response body returns correctly location cod
]]>
    </line>
    <line>
      <![CDATA[]]>
    </line>
    <line>
      <![CDATA[11:31:01.062 [main] INFO  com.currentweather.utils.LogHelper - *Validation Point*: Verify response body returns correctly country
]]>
    </line>
    <line>
      <![CDATA[]]>
    </line>
    <line>
      <![CDATA[11:31:01.091 [main] INFO  com.currentweather.utils.LogHelper - 1. Send Get request to the server with city = California and sate name = MDand country code = US
]]>
    </line>
    <line>
      <![CDATA[]]>
    </line>
    <line>
      <![CDATA[11:31:01.208 [main] INFO  com.currentweather.utils.LogHelper - 2. Get content type of api
]]>
    </line>
    <line>
      <![CDATA[]]>
    </line>
    <line>
      <![CDATA[11:31:01.208 [main] INFO  com.currentweather.utils.LogHelper - *Validation Point*: Verify content type is default JSON 
]]>
    </line>
    <line>
      <![CDATA[]]>
    </line>
    <line>
      <![CDATA[11:31:01.209 [main] INFO  com.currentweather.utils.LogHelper - 3. Get the response status code
]]>
    </line>
    <line>
      <![CDATA[]]>
    </line>
    <line>
      <![CDATA[11:31:01.209 [main] INFO  com.currentweather.utils.LogHelper - *Validation Point*: Verify response status code is 200
]]>
    </line>
    <line>
      <![CDATA[]]>
    </line>
    <line>
      <![CDATA[11:31:01.209 [main] INFO  com.currentweather.utils.LogHelper - 4. Get response body
]]>
    </line>
    <line>
      <![CDATA[]]>
    </line>
    <line>
      <![CDATA[11:31:01.210 [main] INFO  com.currentweather.utils.LogHelper - *Validation Point*: Verify response body returns correctly longitude
]]>
    </line>
    <line>
      <![CDATA[]]>
    </line>
    <line>
      <![CDATA[11:31:01.227 [main] INFO  com.currentweather.utils.LogHelper - *Validation Point*: Verify response body returns correctly latitude
]]>
    </line>
    <line>
      <![CDATA[]]>
    </line>
    <line>
      <![CDATA[11:31:01.240 [main] INFO  com.currentweather.utils.LogHelper - *Validation Point*: Verify response body returns correctly location id
]]>
    </line>
    <line>
      <![CDATA[]]>
    </line>
    <line>
      <![CDATA[11:31:01.263 [main] INFO  com.currentweather.utils.LogHelper - *Validation Point*: Verify response body returns correctly location name
]]>
    </line>
    <line>
      <![CDATA[]]>
    </line>
    <line>
      <![CDATA[11:31:01.281 [main] INFO  com.currentweather.utils.LogHelper - *Validation Point*: Verify response body returns correctly location cod
]]>
    </line>
    <line>
      <![CDATA[]]>
    </line>
    <line>
      <![CDATA[11:31:01.339 [main] INFO  com.currentweather.utils.LogHelper - *Validation Point*: Verify response body returns correctly country
]]>
    </line>
    <line>
      <![CDATA[]]>
    </line>
    <line>
      <![CDATA[11:31:01.361 [main] INFO  com.currentweather.utils.LogHelper - 1. Send Get request to the server with city = Bryans Road and sate name = and country code = US
]]>
    </line>
    <line>
      <![CDATA[]]>
    </line>
    <line>
      <![CDATA[11:31:01.532 [main] INFO  com.currentweather.utils.LogHelper - 2. Get content type of api
]]>
    </line>
    <line>
      <![CDATA[]]>
    </line>
    <line>
      <![CDATA[11:31:01.532 [main] INFO  com.currentweather.utils.LogHelper - *Validation Point*: Verify content type is default JSON 
]]>
    </line>
    <line>
      <![CDATA[]]>
    </line>
    <line>
      <![CDATA[11:31:01.533 [main] INFO  com.currentweather.utils.LogHelper - 3. Get the response status code
]]>
    </line>
    <line>
      <![CDATA[]]>
    </line>
    <line>
      <![CDATA[11:31:01.533 [main] INFO  com.currentweather.utils.LogHelper - *Validation Point*: Verify response status code is 200
]]>
    </line>
    <line>
      <![CDATA[]]>
    </line>
    <line>
      <![CDATA[11:31:01.533 [main] INFO  com.currentweather.utils.LogHelper - 4. Get response body
]]>
    </line>
    <line>
      <![CDATA[]]>
    </line>
    <line>
      <![CDATA[11:31:01.534 [main] INFO  com.currentweather.utils.LogHelper - *Validation Point*: Verify response body returns correctly longitude
]]>
    </line>
    <line>
      <![CDATA[]]>
    </line>
    <line>
      <![CDATA[11:31:01.548 [main] INFO  com.currentweather.utils.LogHelper - *Validation Point*: Verify response body returns correctly latitude
]]>
    </line>
    <line>
      <![CDATA[]]>
    </line>
    <line>
      <![CDATA[11:31:01.563 [main] INFO  com.currentweather.utils.LogHelper - *Validation Point*: Verify response body returns correctly location id
]]>
    </line>
    <line>
      <![CDATA[]]>
    </line>
    <line>
      <![CDATA[11:31:01.575 [main] INFO  com.currentweather.utils.LogHelper - *Validation Point*: Verify response body returns correctly location name
]]>
    </line>
    <line>
      <![CDATA[]]>
    </line>
    <line>
      <![CDATA[11:31:01.587 [main] INFO  com.currentweather.utils.LogHelper - *Validation Point*: Verify response body returns correctly location cod
]]>
    </line>
    <line>
      <![CDATA[]]>
    </line>
    <line>
      <![CDATA[11:31:01.599 [main] INFO  com.currentweather.utils.LogHelper - *Validation Point*: Verify response body returns correctly country
]]>
    </line>
    <line>
      <![CDATA[]]>
    </line>
    <line>
      <![CDATA[11:31:01.615 [main] INFO  com.currentweather.utils.LogHelper - 1. Send Get request to the server with city = Cecil County and sate name = USand country code = 
]]>
    </line>
    <line>
      <![CDATA[]]>
    </line>
    <line>
      <![CDATA[11:31:01.721 [main] INFO  com.currentweather.utils.LogHelper - 2. Get content type of api
]]>
    </line>
    <line>
      <![CDATA[]]>
    </line>
    <line>
      <![CDATA[11:31:01.721 [main] INFO  com.currentweather.utils.LogHelper - *Validation Point*: Verify content type is default JSON 
]]>
    </line>
    <line>
      <![CDATA[]]>
    </line>
    <line>
      <![CDATA[11:31:01.722 [main] INFO  com.currentweather.utils.LogHelper - 3. Get the response status code
]]>
    </line>
    <line>
      <![CDATA[]]>
    </line>
    <line>
      <![CDATA[11:31:01.722 [main] INFO  com.currentweather.utils.LogHelper - *Validation Point*: Verify response status code is 200
]]>
    </line>
    <line>
      <![CDATA[]]>
    </line>
    <line>
      <![CDATA[11:31:01.722 [main] INFO  com.currentweather.utils.LogHelper - 4. Get response body
]]>
    </line>
    <line>
      <![CDATA[]]>
    </line>
    <line>
      <![CDATA[11:31:01.723 [main] INFO  com.currentweather.utils.LogHelper - *Validation Point*: Verify response body returns correctly longitude
]]>
    </line>
    <line>
      <![CDATA[]]>
    </line>
    <line>
      <![CDATA[11:31:01.735 [main] INFO  com.currentweather.utils.LogHelper - *Validation Point*: Verify response body returns correctly latitude
]]>
    </line>
    <line>
      <![CDATA[]]>
    </line>
    <line>
      <![CDATA[11:31:01.757 [main] INFO  com.currentweather.utils.LogHelper - *Validation Point*: Verify response body returns correctly location id
]]>
    </line>
    <line>
      <![CDATA[]]>
    </line>
    <line>
      <![CDATA[11:31:01.777 [main] INFO  com.currentweather.utils.LogHelper - *Validation Point*: Verify response body returns correctly location name
]]>
    </line>
    <line>
      <![CDATA[]]>
    </line>
    <line>
      <![CDATA[11:31:01.790 [main] INFO  com.currentweather.utils.LogHelper - *Validation Point*: Verify response body returns correctly location cod
]]>
    </line>
    <line>
      <![CDATA[]]>
    </line>
    <line>
      <![CDATA[11:31:01.800 [main] INFO  com.currentweather.utils.LogHelper - *Validation Point*: Verify response body returns correctly country
]]>
    </line>
    <line>
      <![CDATA[]]>
    </line>
    <line>
      <![CDATA[11:31:01.820 [main] INFO  com.currentweather.utils.LogHelper - 1. Send Get request to the server with city = Qarālar-e Mīrzā Ḩoseynqolī and sate name = and country code = IR
]]>
    </line>
    <line>
      <![CDATA[]]>
    </line>
    <line>
      <![CDATA[11:31:01.916 [main] INFO  com.currentweather.utils.LogHelper - 2. Get content type of api
]]>
    </line>
    <line>
      <![CDATA[]]>
    </line>
    <line>
      <![CDATA[11:31:01.917 [main] INFO  com.currentweather.utils.LogHelper - *Validation Point*: Verify content type is default JSON 
]]>
    </line>
    <line>
      <![CDATA[]]>
    </line>
    <line>
      <![CDATA[11:31:01.917 [main] INFO  com.currentweather.utils.LogHelper - 3. Get the response status code
]]>
    </line>
    <line>
      <![CDATA[]]>
    </line>
    <line>
      <![CDATA[11:31:01.917 [main] INFO  com.currentweather.utils.LogHelper - *Validation Point*: Verify response status code is 200
]]>
    </line>
    <line>
      <![CDATA[]]>
    </line>
    <line>
      <![CDATA[11:31:01.917 [main] INFO  com.currentweather.utils.LogHelper - 4. Get response body
]]>
    </line>
    <line>
      <![CDATA[]]>
    </line>
    <line>
      <![CDATA[11:31:01.918 [main] INFO  com.currentweather.utils.LogHelper - *Validation Point*: Verify response body returns correctly longitude
]]>
    </line>
    <line>
      <![CDATA[]]>
    </line>
    <line>
      <![CDATA[11:31:01.927 [main] INFO  com.currentweather.utils.LogHelper - *Validation Point*: Verify response body returns correctly latitude
]]>
    </line>
    <line>
      <![CDATA[]]>
    </line>
    <line>
      <![CDATA[11:31:01.939 [main] INFO  com.currentweather.utils.LogHelper - *Validation Point*: Verify response body returns correctly location id
]]>
    </line>
    <line>
      <![CDATA[]]>
    </line>
    <line>
      <![CDATA[11:31:01.947 [main] INFO  com.currentweather.utils.LogHelper - *Validation Point*: Verify response body returns correctly location name
]]>
    </line>
    <line>
      <![CDATA[]]>
    </line>
    <line>
      <![CDATA[11:31:01.965 [main] INFO  com.currentweather.utils.LogHelper - *Validation Point*: Verify response body returns correctly location cod
]]>
    </line>
    <line>
      <![CDATA[]]>
    </line>
    <line>
      <![CDATA[11:31:01.979 [main] INFO  com.currentweather.utils.LogHelper - *Validation Point*: Verify response body returns correctly country
]]>
    </line>
    <line>
      <![CDATA[]]>
    </line>
    <line>
      <![CDATA[11:31:02.022 [main] INFO  com.currentweather.utils.LogHelper - Parsing the test data...
]]>
    </line>
    <line>
      <![CDATA[]]>
    </line>
    <line>
      <![CDATA[11:31:02.024 [main] INFO  com.currentweather.utils.LogHelper - The test data of the testcase Id TC_API_0006 is loaded. The data is: {"specificRows":"","sheetName":"InvalidData","xlFilePath":"testdata\/api\/weather\/TC_API_0005_0006.xlsx"}
]]>
    </line>
    <line>
      <![CDATA[]]>
    </line>
    <line>
      <![CDATA[11:31:02.104 [main] INFO  com.currentweather.utils.LogHelper - 1. Send Get request to the server with city = null and sate name = MD,MDand country code = US,US
]]>
    </line>
    <line>
      <![CDATA[]]>
    </line>
    <line>
      <![CDATA[11:31:02.181 [main] INFO  com.currentweather.utils.LogHelper - 2. Get content type of api
]]>
    </line>
    <line>
      <![CDATA[]]>
    </line>
    <line>
      <![CDATA[11:31:02.181 [main] INFO  com.currentweather.utils.LogHelper - *Validation Point*: Verify content type is default JSON 
]]>
    </line>
    <line>
      <![CDATA[]]>
    </line>
    <line>
      <![CDATA[11:31:02.181 [main] INFO  com.currentweather.utils.LogHelper - 3. Get the response status code
]]>
    </line>
    <line>
      <![CDATA[]]>
    </line>
    <line>
      <![CDATA[11:31:02.181 [main] INFO  com.currentweather.utils.LogHelper - *Validation Point*: Verify response status code is 200
]]>
    </line>
    <line>
      <![CDATA[]]>
    </line>
    <line>
      <![CDATA[11:31:02.182 [main] INFO  com.currentweather.utils.LogHelper - 1. Send Get request to the server with city = null and sate name = US,USand country code = GB,GB
]]>
    </line>
    <line>
      <![CDATA[]]>
    </line>
    <line>
      <![CDATA[11:31:02.336 [main] INFO  com.currentweather.utils.LogHelper - 2. Get content type of api
]]>
    </line>
    <line>
      <![CDATA[]]>
    </line>
    <line>
      <![CDATA[11:31:02.336 [main] INFO  com.currentweather.utils.LogHelper - *Validation Point*: Verify content type is default JSON 
]]>
    </line>
    <line>
      <![CDATA[]]>
    </line>
    <line>
      <![CDATA[11:31:02.336 [main] INFO  com.currentweather.utils.LogHelper - 3. Get the response status code
]]>
    </line>
    <line>
      <![CDATA[]]>
    </line>
    <line>
      <![CDATA[11:31:02.337 [main] INFO  com.currentweather.utils.LogHelper - *Validation Point*: Verify response status code is 200
]]>
    </line>
    <line>
      <![CDATA[]]>
    </line>
    <line>
      <![CDATA[11:31:02.338 [main] INFO  com.currentweather.utils.LogHelper - 1. Send Get request to the server with city = null and sate name = and country code = 
]]>
    </line>
    <line>
      <![CDATA[]]>
    </line>
    <line>
      <![CDATA[11:31:02.444 [main] INFO  com.currentweather.utils.LogHelper - 2. Get content type of api
]]>
    </line>
    <line>
      <![CDATA[]]>
    </line>
    <line>
      <![CDATA[11:31:02.445 [main] INFO  com.currentweather.utils.LogHelper - *Validation Point*: Verify content type is default JSON 
]]>
    </line>
    <line>
      <![CDATA[]]>
    </line>
    <line>
      <![CDATA[11:31:02.445 [main] INFO  com.currentweather.utils.LogHelper - 3. Get the response status code
]]>
    </line>
    <line>
      <![CDATA[]]>
    </line>
    <line>
      <![CDATA[11:31:02.445 [main] INFO  com.currentweather.utils.LogHelper - *Validation Point*: Verify response status code is 200
]]>
    </line>
    <line>
      <![CDATA[]]>
    </line>
    <line>
      <![CDATA[11:31:02.445 [main] INFO  com.currentweather.utils.LogHelper - 1. Send Get request to the server with city = null and sate name = and country code = US
]]>
    </line>
    <line>
      <![CDATA[]]>
    </line>
    <line>
      <![CDATA[11:31:02.535 [main] INFO  com.currentweather.utils.LogHelper - 2. Get content type of api
]]>
    </line>
    <line>
      <![CDATA[]]>
    </line>
    <line>
      <![CDATA[11:31:02.535 [main] INFO  com.currentweather.utils.LogHelper - *Validation Point*: Verify content type is default JSON 
]]>
    </line>
    <line>
      <![CDATA[]]>
    </line>
    <line>
      <![CDATA[11:31:02.535 [main] INFO  com.currentweather.utils.LogHelper - 3. Get the response status code
]]>
    </line>
    <line>
      <![CDATA[]]>
    </line>
    <line>
      <![CDATA[11:31:02.535 [main] INFO  com.currentweather.utils.LogHelper - *Validation Point*: Verify response status code is 200
]]>
    </line>
    <line>
      <![CDATA[]]>
    </line>
    <line>
      <![CDATA[11:31:02.536 [main] INFO  com.currentweather.utils.LogHelper - 1. Send Get request to the server with city = null and sate name = USand country code = 45345.0
]]>
    </line>
    <line>
      <![CDATA[]]>
    </line>
    <line>
      <![CDATA[11:31:02.628 [main] INFO  com.currentweather.utils.LogHelper - 2. Get content type of api
]]>
    </line>
    <line>
      <![CDATA[]]>
    </line>
    <line>
      <![CDATA[11:31:02.628 [main] INFO  com.currentweather.utils.LogHelper - *Validation Point*: Verify content type is default JSON 
]]>
    </line>
    <line>
      <![CDATA[]]>
    </line>
    <line>
      <![CDATA[11:31:02.628 [main] INFO  com.currentweather.utils.LogHelper - 3. Get the response status code
]]>
    </line>
    <line>
      <![CDATA[]]>
    </line>
    <line>
      <![CDATA[11:31:02.629 [main] INFO  com.currentweather.utils.LogHelper - *Validation Point*: Verify response status code is 200
]]>
    </line>
    <line>
      <![CDATA[]]>
    </line>
    <line>
      <![CDATA[11:31:02.629 [main] INFO  com.currentweather.utils.LogHelper - 1. Send Get request to the server with city = null and sate name = and country code = IR,RI
]]>
    </line>
    <line>
      <![CDATA[]]>
    </line>
    <line>
      <![CDATA[11:31:02.705 [main] INFO  com.currentweather.utils.LogHelper - 2. Get content type of api
]]>
    </line>
    <line>
      <![CDATA[]]>
    </line>
    <line>
      <![CDATA[11:31:02.706 [main] INFO  com.currentweather.utils.LogHelper - *Validation Point*: Verify content type is default JSON 
]]>
    </line>
    <line>
      <![CDATA[]]>
    </line>
    <line>
      <![CDATA[11:31:02.706 [main] INFO  com.currentweather.utils.LogHelper - 3. Get the response status code
]]>
    </line>
    <line>
      <![CDATA[]]>
    </line>
    <line>
      <![CDATA[11:31:02.706 [main] INFO  com.currentweather.utils.LogHelper - *Validation Point*: Verify response status code is 200
]]>
    </line>
    <line>
      <![CDATA[]]>
    </line>
  </reporter-output>
  <suite name="SmokeTestSuite" duration-ms="0" started-at="2021-05-31T04:31:02Z" finished-at="2021-05-31T04:31:02Z">
    <groups>
    </groups>
  </suite> <!-- SmokeTestSuite -->
  <suite name="All API Test Suite" duration-ms="12295" started-at="2021-05-31T04:30:50Z" finished-at="2021-05-31T04:31:02Z">
    <groups>
    </groups>
    <test name="Get current data for one location by City Name" duration-ms="7835" started-at="2021-05-31T04:30:50Z" finished-at="2021-05-31T04:30:58Z">
      <class name="com.currentweather.api.TC_API_0002_Get_current_weather_data_with_INVALID_CityName">
        <test-method status="PASS" signature="beforeSuite(org.testng.ITestContext)[pri:0, instance:com.currentweather.api.TC_API_0002_Get_current_weather_data_with_INVALID_CityName@3d921e20]" name="beforeSuite" is-config="true" duration-ms="2" started-at="2021-05-31T04:30:57Z" finished-at="2021-05-31T04:30:57Z">
          <params>
            <param index="0">
              <value>
                <![CDATA[org.testng.TestRunner@6d11ceef]]>
              </value>
            </param>
          </params>
          <reporter-output>
          </reporter-output>
        </test-method> <!-- beforeSuite -->
        <test-method status="PASS" signature="TC_API_0002_Get_current_weather_data_with_INVALID_CityName(java.util.Map)[pri:0, instance:com.currentweather.api.TC_API_0002_Get_current_weather_data_with_INVALID_CityName@3d921e20]" name="TC_API_0002_Get_current_weather_data_with_INVALID_CityName" duration-ms="106" started-at="2021-05-31T04:30:57Z" data-provider="excelData" finished-at="2021-05-31T04:30:57Z">
          <params>
            <param index="0">
              <value>
                <![CDATA[{InvalidCityName=London+US}]]>
              </value>
            </param>
          </params>
          <reporter-output>
            <line>
              <![CDATA[11:30:57.526 [main] INFO  com.currentweather.utils.LogHelper - 1. Send Get request to the server with city = London+US
]]>
            </line>
            <line>
              <![CDATA[]]>
            </line>
            <line>
              <![CDATA[11:30:57.631 [main] INFO  com.currentweather.utils.LogHelper - 2. Get content type of api
]]>
            </line>
            <line>
              <![CDATA[]]>
            </line>
            <line>
              <![CDATA[11:30:57.631 [main] INFO  com.currentweather.utils.LogHelper - *Validation Point*: Verify content type is default JSON 
]]>
            </line>
            <line>
              <![CDATA[]]>
            </line>
            <line>
              <![CDATA[11:30:57.632 [main] INFO  com.currentweather.utils.LogHelper - 3. Get the response status code
]]>
            </line>
            <line>
              <![CDATA[]]>
            </line>
            <line>
              <![CDATA[11:30:57.632 [main] INFO  com.currentweather.utils.LogHelper - *Validation Point*: Verify response status code is 200
]]>
            </line>
            <line>
              <![CDATA[]]>
            </line>
          </reporter-output>
        </test-method> <!-- TC_API_0002_Get_current_weather_data_with_INVALID_CityName -->
        <test-method status="PASS" signature="TC_API_0002_Get_current_weather_data_with_INVALID_CityName(java.util.Map)[pri:0, instance:com.currentweather.api.TC_API_0002_Get_current_weather_data_with_INVALID_CityName@3d921e20]" name="TC_API_0002_Get_current_weather_data_with_INVALID_CityName" duration-ms="116" started-at="2021-05-31T04:30:57Z" data-provider="excelData" finished-at="2021-05-31T04:30:57Z">
          <params>
            <param index="0">
              <value>
                <![CDATA[{InvalidCityName=testingforlongcharacter#@$%@#$%@#$%}]]>
              </value>
            </param>
          </params>
          <reporter-output>
            <line>
              <![CDATA[11:30:57.633 [main] INFO  com.currentweather.utils.LogHelper - 1. Send Get request to the server with city = testingforlongcharacter#@$%@#$%@#$%
]]>
            </line>
            <line>
              <![CDATA[]]>
            </line>
            <line>
              <![CDATA[11:30:57.744 [main] INFO  com.currentweather.utils.LogHelper - 2. Get content type of api
]]>
            </line>
            <line>
              <![CDATA[]]>
            </line>
            <line>
              <![CDATA[11:30:57.745 [main] INFO  com.currentweather.utils.LogHelper - *Validation Point*: Verify content type is default JSON 
]]>
            </line>
            <line>
              <![CDATA[]]>
            </line>
            <line>
              <![CDATA[11:30:57.748 [main] INFO  com.currentweather.utils.LogHelper - 3. Get the response status code
]]>
            </line>
            <line>
              <![CDATA[]]>
            </line>
            <line>
              <![CDATA[11:30:57.749 [main] INFO  com.currentweather.utils.LogHelper - *Validation Point*: Verify response status code is 200
]]>
            </line>
            <line>
              <![CDATA[]]>
            </line>
          </reporter-output>
        </test-method> <!-- TC_API_0002_Get_current_weather_data_with_INVALID_CityName -->
        <test-method status="PASS" signature="TC_API_0002_Get_current_weather_data_with_INVALID_CityName(java.util.Map)[pri:0, instance:com.currentweather.api.TC_API_0002_Get_current_weather_data_with_INVALID_CityName@3d921e20]" name="TC_API_0002_Get_current_weather_data_with_INVALID_CityName" duration-ms="113" started-at="2021-05-31T04:30:57Z" data-provider="excelData" finished-at="2021-05-31T04:30:57Z">
          <params>
            <param index="0">
              <value>
                <![CDATA[{InvalidCityName=NULL}]]>
              </value>
            </param>
          </params>
          <reporter-output>
            <line>
              <![CDATA[11:30:57.750 [main] INFO  com.currentweather.utils.LogHelper - 1. Send Get request to the server with city = NULL
]]>
            </line>
            <line>
              <![CDATA[]]>
            </line>
            <line>
              <![CDATA[11:30:57.862 [main] INFO  com.currentweather.utils.LogHelper - 2. Get content type of api
]]>
            </line>
            <line>
              <![CDATA[]]>
            </line>
            <line>
              <![CDATA[11:30:57.862 [main] INFO  com.currentweather.utils.LogHelper - *Validation Point*: Verify content type is default JSON 
]]>
            </line>
            <line>
              <![CDATA[]]>
            </line>
            <line>
              <![CDATA[11:30:57.863 [main] INFO  com.currentweather.utils.LogHelper - 3. Get the response status code
]]>
            </line>
            <line>
              <![CDATA[]]>
            </line>
            <line>
              <![CDATA[11:30:57.863 [main] INFO  com.currentweather.utils.LogHelper - *Validation Point*: Verify response status code is 200
]]>
            </line>
            <line>
              <![CDATA[]]>
            </line>
          </reporter-output>
        </test-method> <!-- TC_API_0002_Get_current_weather_data_with_INVALID_CityName -->
        <test-method status="PASS" signature="TC_API_0002_Get_current_weather_data_with_INVALID_CityName(java.util.Map)[pri:0, instance:com.currentweather.api.TC_API_0002_Get_current_weather_data_with_INVALID_CityName@3d921e20]" name="TC_API_0002_Get_current_weather_data_with_INVALID_CityName" duration-ms="111" started-at="2021-05-31T04:30:57Z" data-provider="excelData" finished-at="2021-05-31T04:30:57Z">
          <params>
            <param index="0">
              <value>
                <![CDATA[{InvalidCityName=2342345.0}]]>
              </value>
            </param>
          </params>
          <reporter-output>
            <line>
              <![CDATA[11:30:57.864 [main] INFO  com.currentweather.utils.LogHelper - 1. Send Get request to the server with city = 2342345.0
]]>
            </line>
            <line>
              <![CDATA[]]>
            </line>
            <line>
              <![CDATA[11:30:57.973 [main] INFO  com.currentweather.utils.LogHelper - 2. Get content type of api
]]>
            </line>
            <line>
              <![CDATA[]]>
            </line>
            <line>
              <![CDATA[11:30:57.974 [main] INFO  com.currentweather.utils.LogHelper - *Validation Point*: Verify content type is default JSON 
]]>
            </line>
            <line>
              <![CDATA[]]>
            </line>
            <line>
              <![CDATA[11:30:57.974 [main] INFO  com.currentweather.utils.LogHelper - 3. Get the response status code
]]>
            </line>
            <line>
              <![CDATA[]]>
            </line>
            <line>
              <![CDATA[11:30:57.974 [main] INFO  com.currentweather.utils.LogHelper - *Validation Point*: Verify response status code is 200
]]>
            </line>
            <line>
              <![CDATA[]]>
            </line>
          </reporter-output>
        </test-method> <!-- TC_API_0002_Get_current_weather_data_with_INVALID_CityName -->
        <test-method status="PASS" signature="TC_API_0002_Get_current_weather_data_with_INVALID_CityName(java.util.Map)[pri:0, instance:com.currentweather.api.TC_API_0002_Get_current_weather_data_with_INVALID_CityName@3d921e20]" name="TC_API_0002_Get_current_weather_data_with_INVALID_CityName" duration-ms="98" started-at="2021-05-31T04:30:57Z" data-provider="excelData" finished-at="2021-05-31T04:30:58Z">
          <params>
            <param index="0">
              <value>
                <![CDATA[{InvalidCityName=12#!@$}]]>
              </value>
            </param>
          </params>
          <reporter-output>
            <line>
              <![CDATA[11:30:57.977 [main] INFO  com.currentweather.utils.LogHelper - 1. Send Get request to the server with city = 12#!@$
]]>
            </line>
            <line>
              <![CDATA[]]>
            </line>
            <line>
              <![CDATA[11:30:58.074 [main] INFO  com.currentweather.utils.LogHelper - 2. Get content type of api
]]>
            </line>
            <line>
              <![CDATA[]]>
            </line>
            <line>
              <![CDATA[11:30:58.074 [main] INFO  com.currentweather.utils.LogHelper - *Validation Point*: Verify content type is default JSON 
]]>
            </line>
            <line>
              <![CDATA[]]>
            </line>
            <line>
              <![CDATA[11:30:58.074 [main] INFO  com.currentweather.utils.LogHelper - 3. Get the response status code
]]>
            </line>
            <line>
              <![CDATA[]]>
            </line>
            <line>
              <![CDATA[11:30:58.074 [main] INFO  com.currentweather.utils.LogHelper - *Validation Point*: Verify response status code is 200
]]>
            </line>
            <line>
              <![CDATA[]]>
            </line>
          </reporter-output>
        </test-method> <!-- TC_API_0002_Get_current_weather_data_with_INVALID_CityName -->
        <test-method status="PASS" signature="TC_API_0002_Get_current_weather_data_with_INVALID_CityName(java.util.Map)[pri:0, instance:com.currentweather.api.TC_API_0002_Get_current_weather_data_with_INVALID_CityName@3d921e20]" name="TC_API_0002_Get_current_weather_data_with_INVALID_CityName" duration-ms="171" started-at="2021-05-31T04:30:58Z" data-provider="excelData" finished-at="2021-05-31T04:30:58Z">
          <params>
            <param index="0">
              <value>
                <![CDATA[{InvalidCityName=Lodon@gmail.com}]]>
              </value>
            </param>
          </params>
          <reporter-output>
            <line>
              <![CDATA[11:30:58.075 [main] INFO  com.currentweather.utils.LogHelper - 1. Send Get request to the server with city = Lodon@gmail.com
]]>
            </line>
            <line>
              <![CDATA[]]>
            </line>
            <line>
              <![CDATA[11:30:58.242 [main] INFO  com.currentweather.utils.LogHelper - 2. Get content type of api
]]>
            </line>
            <line>
              <![CDATA[]]>
            </line>
            <line>
              <![CDATA[11:30:58.243 [main] INFO  com.currentweather.utils.LogHelper - *Validation Point*: Verify content type is default JSON 
]]>
            </line>
            <line>
              <![CDATA[]]>
            </line>
            <line>
              <![CDATA[11:30:58.244 [main] INFO  com.currentweather.utils.LogHelper - 3. Get the response status code
]]>
            </line>
            <line>
              <![CDATA[]]>
            </line>
            <line>
              <![CDATA[11:30:58.245 [main] INFO  com.currentweather.utils.LogHelper - *Validation Point*: Verify response status code is 200
]]>
            </line>
            <line>
              <![CDATA[]]>
            </line>
          </reporter-output>
        </test-method> <!-- TC_API_0002_Get_current_weather_data_with_INVALID_CityName -->
      </class> <!-- com.currentweather.api.TC_API_0002_Get_current_weather_data_with_INVALID_CityName -->
      <class name="com.currentweather.api.TC_API_0001_Get_current_weather_data_with_VALID_CityName">
        <test-method status="PASS" signature="beforeSuite(org.testng.ITestContext)[pri:0, instance:com.currentweather.api.TC_API_0001_Get_current_weather_data_with_VALID_CityName@3234e239]" name="beforeSuite" is-config="true" duration-ms="46" started-at="2021-05-31T04:30:50Z" finished-at="2021-05-31T04:30:50Z">
          <params>
            <param index="0">
              <value>
                <![CDATA[org.testng.TestRunner@6d11ceef]]>
              </value>
            </param>
          </params>
          <reporter-output>
          </reporter-output>
        </test-method> <!-- beforeSuite -->
        <test-method status="PASS" signature="TC_API_0001_Get_current_weather_data_with_VALID_CityName(java.util.Map)[pri:0, instance:com.currentweather.api.TC_API_0001_Get_current_weather_data_with_VALID_CityName@3234e239]" name="TC_API_0001_Get_current_weather_data_with_VALID_CityName" duration-ms="3846" started-at="2021-05-31T04:30:52Z" data-provider="excelData" finished-at="2021-05-31T04:30:56Z">
          <params>
            <param index="0">
              <value>
                <![CDATA[{ExpectedCOD=200, ExpectedLon=-0.1257, ExpectedLat=51.5085, ExpectedID=2643743, CityName=London, ExpectedName=London, ExpectedCountry=GB}]]>
              </value>
            </param>
          </params>
          <reporter-output>
            <line>
              <![CDATA[11:30:52.680 [main] INFO  com.currentweather.utils.LogHelper - 1. Send Get request to the server with city = London
]]>
            </line>
            <line>
              <![CDATA[]]>
            </line>
            <line>
              <![CDATA[11:30:55.437 [main] INFO  com.currentweather.utils.LogHelper - 2. Get content type of api
]]>
            </line>
            <line>
              <![CDATA[]]>
            </line>
            <line>
              <![CDATA[11:30:55.437 [main] INFO  com.currentweather.utils.LogHelper - *Validation Point*: Verify content type is default JSON 
]]>
            </line>
            <line>
              <![CDATA[]]>
            </line>
            <line>
              <![CDATA[11:30:55.440 [main] INFO  com.currentweather.utils.LogHelper - 3. Get the response status code
]]>
            </line>
            <line>
              <![CDATA[]]>
            </line>
            <line>
              <![CDATA[11:30:55.441 [main] INFO  com.currentweather.utils.LogHelper - Validation Point: Verify response status code is 200
]]>
            </line>
            <line>
              <![CDATA[]]>
            </line>
            <line>
              <![CDATA[11:30:55.441 [main] INFO  com.currentweather.utils.LogHelper - 4. Get response body
]]>
            </line>
            <line>
              <![CDATA[]]>
            </line>
            <line>
              <![CDATA[11:30:55.522 [main] INFO  com.currentweather.utils.LogHelper - *Validation Point*: Verify response body returns correctly longitude
]]>
            </line>
            <line>
              <![CDATA[]]>
            </line>
            <line>
              <![CDATA[11:30:56.416 [main] INFO  com.currentweather.utils.LogHelper - *Validation Point*: Verify response body returns correctly latitude
]]>
            </line>
            <line>
              <![CDATA[]]>
            </line>
            <line>
              <![CDATA[11:30:56.434 [main] INFO  com.currentweather.utils.LogHelper - *Validation Point*: Verify response body returns correctly location id
]]>
            </line>
            <line>
              <![CDATA[]]>
            </line>
            <line>
              <![CDATA[11:30:56.449 [main] INFO  com.currentweather.utils.LogHelper - *Validation Point*: Verify response body returns correctly location name
]]>
            </line>
            <line>
              <![CDATA[]]>
            </line>
            <line>
              <![CDATA[11:30:56.466 [main] INFO  com.currentweather.utils.LogHelper - *Validation Point*: Verify response body returns correctly location cod
]]>
            </line>
            <line>
              <![CDATA[]]>
            </line>
            <line>
              <![CDATA[11:30:56.483 [main] INFO  com.currentweather.utils.LogHelper - *Validation Point*: Verify response body returns correctly country
]]>
            </line>
            <line>
              <![CDATA[]]>
            </line>
          </reporter-output>
        </test-method> <!-- TC_API_0001_Get_current_weather_data_with_VALID_CityName -->
        <test-method status="PASS" signature="TC_API_0001_Get_current_weather_data_with_VALID_CityName(java.util.Map)[pri:0, instance:com.currentweather.api.TC_API_0001_Get_current_weather_data_with_VALID_CityName@3234e239]" name="TC_API_0001_Get_current_weather_data_with_VALID_CityName" duration-ms="392" started-at="2021-05-31T04:30:56Z" data-provider="excelData" finished-at="2021-05-31T04:30:56Z">
          <params>
            <param index="0">
              <value>
                <![CDATA[{ExpectedCOD=200, ExpectedLon=13.2396, ExpectedLat=56.9989, ExpectedID=2704008, CityName=Hyltebruk, ExpectedName=Hyltebruk, ExpectedCountry=SE}]]>
              </value>
            </param>
          </params>
          <reporter-output>
            <line>
              <![CDATA[11:30:56.521 [main] INFO  com.currentweather.utils.LogHelper - 1. Send Get request to the server with city = Hyltebruk
]]>
            </line>
            <line>
              <![CDATA[]]>
            </line>
            <line>
              <![CDATA[11:30:56.817 [main] INFO  com.currentweather.utils.LogHelper - 2. Get content type of api
]]>
            </line>
            <line>
              <![CDATA[]]>
            </line>
            <line>
              <![CDATA[11:30:56.817 [main] INFO  com.currentweather.utils.LogHelper - *Validation Point*: Verify content type is default JSON 
]]>
            </line>
            <line>
              <![CDATA[]]>
            </line>
            <line>
              <![CDATA[11:30:56.818 [main] INFO  com.currentweather.utils.LogHelper - 3. Get the response status code
]]>
            </line>
            <line>
              <![CDATA[]]>
            </line>
            <line>
              <![CDATA[11:30:56.818 [main] INFO  com.currentweather.utils.LogHelper - Validation Point: Verify response status code is 200
]]>
            </line>
            <line>
              <![CDATA[]]>
            </line>
            <line>
              <![CDATA[11:30:56.818 [main] INFO  com.currentweather.utils.LogHelper - 4. Get response body
]]>
            </line>
            <line>
              <![CDATA[]]>
            </line>
            <line>
              <![CDATA[11:30:56.819 [main] INFO  com.currentweather.utils.LogHelper - *Validation Point*: Verify response body returns correctly longitude
]]>
            </line>
            <line>
              <![CDATA[]]>
            </line>
            <line>
              <![CDATA[11:30:56.845 [main] INFO  com.currentweather.utils.LogHelper - *Validation Point*: Verify response body returns correctly latitude
]]>
            </line>
            <line>
              <![CDATA[]]>
            </line>
            <line>
              <![CDATA[11:30:56.860 [main] INFO  com.currentweather.utils.LogHelper - *Validation Point*: Verify response body returns correctly location id
]]>
            </line>
            <line>
              <![CDATA[]]>
            </line>
            <line>
              <![CDATA[11:30:56.874 [main] INFO  com.currentweather.utils.LogHelper - *Validation Point*: Verify response body returns correctly location name
]]>
            </line>
            <line>
              <![CDATA[]]>
            </line>
            <line>
              <![CDATA[11:30:56.887 [main] INFO  com.currentweather.utils.LogHelper - *Validation Point*: Verify response body returns correctly location cod
]]>
            </line>
            <line>
              <![CDATA[]]>
            </line>
            <line>
              <![CDATA[11:30:56.900 [main] INFO  com.currentweather.utils.LogHelper - *Validation Point*: Verify response body returns correctly country
]]>
            </line>
            <line>
              <![CDATA[]]>
            </line>
          </reporter-output>
        </test-method> <!-- TC_API_0001_Get_current_weather_data_with_VALID_CityName -->
        <test-method status="PASS" signature="TC_API_0001_Get_current_weather_data_with_VALID_CityName(java.util.Map)[pri:0, instance:com.currentweather.api.TC_API_0001_Get_current_weather_data_with_VALID_CityName@3234e239]" name="TC_API_0001_Get_current_weather_data_with_VALID_CityName" duration-ms="263" started-at="2021-05-31T04:30:56Z" data-provider="excelData" finished-at="2021-05-31T04:30:57Z">
          <params>
            <param index="0">
              <value>
                <![CDATA[{ExpectedCOD=200, ExpectedLon=-76.5074, ExpectedLat=38.3004, ExpectedID=4350049, CityName=California, ExpectedName=California, ExpectedCountry=US}]]>
              </value>
            </param>
          </params>
          <reporter-output>
            <line>
              <![CDATA[11:30:56.913 [main] INFO  com.currentweather.utils.LogHelper - 1. Send Get request to the server with city = California
]]>
            </line>
            <line>
              <![CDATA[]]>
            </line>
            <line>
              <![CDATA[11:30:57.021 [main] INFO  com.currentweather.utils.LogHelper - 2. Get content type of api
]]>
            </line>
            <line>
              <![CDATA[]]>
            </line>
            <line>
              <![CDATA[11:30:57.021 [main] INFO  com.currentweather.utils.LogHelper - *Validation Point*: Verify content type is default JSON 
]]>
            </line>
            <line>
              <![CDATA[]]>
            </line>
            <line>
              <![CDATA[11:30:57.021 [main] INFO  com.currentweather.utils.LogHelper - 3. Get the response status code
]]>
            </line>
            <line>
              <![CDATA[]]>
            </line>
            <line>
[...]
              </value>
            </param>
          </params>
          <reporter-output>
            <line>
              <![CDATA[11:31:00.887 [main] INFO  com.currentweather.utils.LogHelper - 1. Send Get request to the server with city = London and sate name = USand country code = GB
]]>
            </line>
            <line>
              <![CDATA[]]>
            </line>
            <line>
              <![CDATA[11:31:00.960 [main] INFO  com.currentweather.utils.LogHelper - 2. Get content type of api
]]>
            </line>
            <line>
              <![CDATA[]]>
            </line>
            <line>
              <![CDATA[11:31:00.960 [main] INFO  com.currentweather.utils.LogHelper - *Validation Point*: Verify content type is default JSON 
]]>
            </line>
            <line>
              <![CDATA[]]>
            </line>
            <line>
              <![CDATA[11:31:00.960 [main] INFO  com.currentweather.utils.LogHelper - 3. Get the response status code
]]>
            </line>
            <line>
              <![CDATA[]]>
            </line>
            <line>
              <![CDATA[11:31:00.960 [main] INFO  com.currentweather.utils.LogHelper - *Validation Point*: Verify response status code is 200
]]>
            </line>
            <line>
              <![CDATA[]]>
            </line>
            <line>
              <![CDATA[11:31:00.960 [main] INFO  com.currentweather.utils.LogHelper - 4. Get response body
]]>
            </line>
            <line>
              <![CDATA[]]>
            </line>
            <line>
              <![CDATA[11:31:00.963 [main] INFO  com.currentweather.utils.LogHelper - *Validation Point*: Verify response body returns correctly longitude
]]>
            </line>
            <line>
              <![CDATA[]]>
            </line>
            <line>
              <![CDATA[11:31:00.978 [main] INFO  com.currentweather.utils.LogHelper - *Validation Point*: Verify response body returns correctly latitude
]]>
            </line>
            <line>
              <![CDATA[]]>
            </line>
            <line>
              <![CDATA[11:31:00.988 [main] INFO  com.currentweather.utils.LogHelper - *Validation Point*: Verify response body returns correctly location id
]]>
            </line>
            <line>
              <![CDATA[]]>
            </line>
            <line>
              <![CDATA[11:31:00.997 [main] INFO  com.currentweather.utils.LogHelper - *Validation Point*: Verify response body returns correctly location name
]]>
            </line>
            <line>
              <![CDATA[]]>
            </line>
            <line>
              <![CDATA[11:31:01.039 [main] INFO  com.currentweather.utils.LogHelper - *Validation Point*: Verify response body returns correctly location cod
]]>
            </line>
            <line>
              <![CDATA[]]>
            </line>
            <line>
              <![CDATA[11:31:01.062 [main] INFO  com.currentweather.utils.LogHelper - *Validation Point*: Verify response body returns correctly country
]]>
            </line>
            <line>
              <![CDATA[]]>
            </line>
          </reporter-output>
        </test-method> <!-- TC_API_0005_Get_current_weather_data_with_VALID_CityName_and_StateCode_and_CountryCode -->
        <test-method status="PASS" signature="TC_API_0005_Get_current_weather_data_with_VALID_CityName_and_StateCode_and_CountryCode(java.util.Map)[pri:0, instance:com.currentweather.api.TC_API_0005_Get_current_weather_data_with_VALID_CityName_and_StateCode_and_CountryCode@371a67ec]" name="TC_API_0005_Get_current_weather_data_with_VALID_CityName_and_StateCode_and_CountryCode" duration-ms="270" started-at="2021-05-31T04:31:01Z" data-provider="excelData" finished-at="2021-05-31T04:31:01Z">
          <params>
            <param index="0">
              <value>
                <![CDATA[{ExpectedCOD=200, ExpectedLon=-76.5074, ExpectedLat=38.3004, StateCode=MD, ExpectedID=4350049, CityName=California, CountryCode=US, ExpectedName=California, ExpectedCountry=US}]]>
              </value>
            </param>
          </params>
          <reporter-output>
            <line>
              <![CDATA[11:31:01.091 [main] INFO  com.currentweather.utils.LogHelper - 1. Send Get request to the server with city = California and sate name = MDand country code = US
]]>
            </line>
            <line>
              <![CDATA[]]>
            </line>
            <line>
              <![CDATA[11:31:01.208 [main] INFO  com.currentweather.utils.LogHelper - 2. Get content type of api
]]>
            </line>
            <line>
              <![CDATA[]]>
            </line>
            <line>
              <![CDATA[11:31:01.208 [main] INFO  com.currentweather.utils.LogHelper - *Validation Point*: Verify content type is default JSON 
]]>
            </line>
            <line>
              <![CDATA[]]>
            </line>
            <line>
              <![CDATA[11:31:01.209 [main] INFO  com.currentweather.utils.LogHelper - 3. Get the response status code
]]>
            </line>
            <line>
              <![CDATA[]]>
            </line>
            <line>
              <![CDATA[11:31:01.209 [main] INFO  com.currentweather.utils.LogHelper - *Validation Point*: Verify response status code is 200
]]>
            </line>
            <line>
              <![CDATA[]]>
            </line>
            <line>
              <![CDATA[11:31:01.209 [main] INFO  com.currentweather.utils.LogHelper - 4. Get response body
]]>
            </line>
            <line>
              <![CDATA[]]>
            </line>
            <line>
              <![CDATA[11:31:01.210 [main] INFO  com.currentweather.utils.LogHelper - *Validation Point*: Verify response body returns correctly longitude
]]>
            </line>
            <line>
              <![CDATA[]]>
            </line>
            <line>
              <![CDATA[11:31:01.227 [main] INFO  com.currentweather.utils.LogHelper - *Validation Point*: Verify response body returns correctly latitude
]]>
            </line>
            <line>
              <![CDATA[]]>
            </line>
            <line>
              <![CDATA[11:31:01.240 [main] INFO  com.currentweather.utils.LogHelper - *Validation Point*: Verify response body returns correctly location id
]]>
            </line>
            <line>
              <![CDATA[]]>
            </line>
            <line>
              <![CDATA[11:31:01.263 [main] INFO  com.currentweather.utils.LogHelper - *Validation Point*: Verify response body returns correctly location name
]]>
            </line>
            <line>
              <![CDATA[]]>
            </line>
            <line>
              <![CDATA[11:31:01.281 [main] INFO  com.currentweather.utils.LogHelper - *Validation Point*: Verify response body returns correctly location cod
]]>
            </line>
            <line>
              <![CDATA[]]>
            </line>
            <line>
              <![CDATA[11:31:01.339 [main] INFO  com.currentweather.utils.LogHelper - *Validation Point*: Verify response body returns correctly country
]]>
            </line>
            <line>
              <![CDATA[]]>
            </line>
          </reporter-output>
        </test-method> <!-- TC_API_0005_Get_current_weather_data_with_VALID_CityName_and_StateCode_and_CountryCode -->
        <test-method status="PASS" signature="TC_API_0005_Get_current_weather_data_with_VALID_CityName_and_StateCode_and_CountryCode(java.util.Map)[pri:0, instance:com.currentweather.api.TC_API_0005_Get_current_weather_data_with_VALID_CityName_and_StateCode_and_CountryCode@371a67ec]" name="TC_API_0005_Get_current_weather_data_with_VALID_CityName_and_StateCode_and_CountryCode" duration-ms="253" started-at="2021-05-31T04:31:01Z" data-provider="excelData" finished-at="2021-05-31T04:31:01Z">
          <params>
            <param index="0">
              <value>
                <![CDATA[{ExpectedCOD=200, ExpectedLon=-77.073, ExpectedLat=38.6271, StateCode=, ExpectedID=4349727, CityName=Bryans Road, CountryCode=US, ExpectedName=Bryans Road, ExpectedCountry=US}]]>
              </value>
            </param>
          </params>
          <reporter-output>
            <line>
              <![CDATA[11:31:01.361 [main] INFO  com.currentweather.utils.LogHelper - 1. Send Get request to the server with city = Bryans Road and sate name = and country code = US
]]>
            </line>
            <line>
              <![CDATA[]]>
            </line>
            <line>
              <![CDATA[11:31:01.532 [main] INFO  com.currentweather.utils.LogHelper - 2. Get content type of api
]]>
            </line>
            <line>
              <![CDATA[]]>
            </line>
            <line>
              <![CDATA[11:31:01.532 [main] INFO  com.currentweather.utils.LogHelper - *Validation Point*: Verify content type is default JSON 
]]>
            </line>
            <line>
              <![CDATA[]]>
            </line>
            <line>
              <![CDATA[11:31:01.533 [main] INFO  com.currentweather.utils.LogHelper - 3. Get the response status code
]]>
            </line>
            <line>
              <![CDATA[]]>
            </line>
            <line>
              <![CDATA[11:31:01.533 [main] INFO  com.currentweather.utils.LogHelper - *Validation Point*: Verify response status code is 200
]]>
            </line>
            <line>
              <![CDATA[]]>
            </line>
            <line>
              <![CDATA[11:31:01.533 [main] INFO  com.currentweather.utils.LogHelper - 4. Get response body
]]>
            </line>
            <line>
              <![CDATA[]]>
            </line>
            <line>
              <![CDATA[11:31:01.534 [main] INFO  com.currentweather.utils.LogHelper - *Validation Point*: Verify response body returns correctly longitude
]]>
            </line>
            <line>
              <![CDATA[]]>
            </line>
            <line>
              <![CDATA[11:31:01.548 [main] INFO  com.currentweather.utils.LogHelper - *Validation Point*: Verify response body returns correctly latitude
]]>
            </line>
            <line>
              <![CDATA[]]>
            </line>
            <line>
              <![CDATA[11:31:01.563 [main] INFO  com.currentweather.utils.LogHelper - *Validation Point*: Verify response body returns correctly location id
]]>
            </line>
            <line>
              <![CDATA[]]>
            </line>
            <line>
              <![CDATA[11:31:01.575 [main] INFO  com.currentweather.utils.LogHelper - *Validation Point*: Verify response body returns correctly location name
]]>
            </line>
            <line>
              <![CDATA[]]>
            </line>
            <line>
              <![CDATA[11:31:01.587 [main] INFO  com.currentweather.utils.LogHelper - *Validation Point*: Verify response body returns correctly location cod
]]>
            </line>
            <line>
              <![CDATA[]]>
            </line>
            <line>
              <![CDATA[11:31:01.599 [main] INFO  com.currentweather.utils.LogHelper - *Validation Point*: Verify response body returns correctly country
]]>
            </line>
            <line>
              <![CDATA[]]>
            </line>
          </reporter-output>
        </test-method> <!-- TC_API_0005_Get_current_weather_data_with_VALID_CityName_and_StateCode_and_CountryCode -->
        <test-method status="PASS" signature="TC_API_0005_Get_current_weather_data_with_VALID_CityName_and_StateCode_and_CountryCode(java.util.Map)[pri:0, instance:com.currentweather.api.TC_API_0005_Get_current_weather_data_with_VALID_CityName_and_StateCode_and_CountryCode@371a67ec]" name="TC_API_0005_Get_current_weather_data_with_VALID_CityName_and_StateCode_and_CountryCode" duration-ms="203" started-at="2021-05-31T04:31:01Z" data-provider="excelData" finished-at="2021-05-31T04:31:01Z">
          <params>
            <param index="0">
              <value>
                <![CDATA[{ExpectedCOD=200, ExpectedLon=-75.9497, ExpectedLat=39.5668, StateCode=US, ExpectedID=4350685, CityName=Cecil County, CountryCode=, ExpectedName=Cecil County, ExpectedCountry=US}]]>
              </value>
            </param>
          </params>
          <reporter-output>
            <line>
              <![CDATA[11:31:01.615 [main] INFO  com.currentweather.utils.LogHelper - 1. Send Get request to the server with city = Cecil County and sate name = USand country code = 
]]>
            </line>
            <line>
              <![CDATA[]]>
            </line>
            <line>
              <![CDATA[11:31:01.721 [main] INFO  com.currentweather.utils.LogHelper - 2. Get content type of api
]]>
            </line>
            <line>
              <![CDATA[]]>
            </line>
            <line>
              <![CDATA[11:31:01.721 [main] INFO  com.currentweather.utils.LogHelper - *Validation Point*: Verify content type is default JSON 
]]>
            </line>
            <line>
              <![CDATA[]]>
            </line>
            <line>
              <![CDATA[11:31:01.722 [main] INFO  com.currentweather.utils.LogHelper - 3. Get the response status code
]]>
            </line>
            <line>
              <![CDATA[]]>
            </line>
            <line>
              <![CDATA[11:31:01.722 [main] INFO  com.currentweather.utils.LogHelper - *Validation Point*: Verify response status code is 200
]]>
            </line>
            <line>
              <![CDATA[]]>
            </line>
            <line>
              <![CDATA[11:31:01.722 [main] INFO  com.currentweather.utils.LogHelper - 4. Get response body
]]>
            </line>
            <line>
              <![CDATA[]]>
            </line>
            <line>
              <![CDATA[11:31:01.723 [main] INFO  com.currentweather.utils.LogHelper - *Validation Point*: Verify response body returns correctly longitude
]]>
            </line>
            <line>
              <![CDATA[]]>
            </line>
            <line>
              <![CDATA[11:31:01.735 [main] INFO  com.currentweather.utils.LogHelper - *Validation Point*: Verify response body returns correctly latitude
]]>
            </line>
            <line>
              <![CDATA[]]>
            </line>
            <line>
              <![CDATA[11:31:01.757 [main] INFO  com.currentweather.utils.LogHelper - *Validation Point*: Verify response body returns correctly location id
]]>
            </line>
            <line>
              <![CDATA[]]>
            </line>
            <line>
              <![CDATA[11:31:01.777 [main] INFO  com.currentweather.utils.LogHelper - *Validation Point*: Verify response body returns correctly location name
]]>
            </line>
            <line>
              <![CDATA[]]>
            </line>
            <line>
              <![CDATA[11:31:01.790 [main] INFO  com.currentweather.utils.LogHelper - *Validation Point*: Verify response body returns correctly location cod
]]>
            </line>
            <line>
              <![CDATA[]]>
            </line>
            <line>
              <![CDATA[11:31:01.800 [main] INFO  com.currentweather.utils.LogHelper - *Validation Point*: Verify response body returns correctly country
]]>
            </line>
            <line>
              <![CDATA[]]>
            </line>
          </reporter-output>
        </test-method> <!-- TC_API_0005_Get_current_weather_data_with_VALID_CityName_and_StateCode_and_CountryCode -->
        <test-method status="PASS" signature="TC_API_0005_Get_current_weather_data_with_VALID_CityName_and_StateCode_and_CountryCode(java.util.Map)[pri:0, instance:com.currentweather.api.TC_API_0005_Get_current_weather_data_with_VALID_CityName_and_StateCode_and_CountryCode@371a67ec]" name="TC_API_0005_Get_current_weather_data_with_VALID_CityName_and_StateCode_and_CountryCode" duration-ms="186" started-at="2021-05-31T04:31:01Z" data-provider="excelData" finished-at="2021-05-31T04:31:02Z">
          <params>
            <param index="0">
              <value>
                <![CDATA[{ExpectedCOD=200, ExpectedLon=45.0675, ExpectedLat=37.6747, StateCode=, ExpectedID=18557, CityName=Qarālar-e Mīrzā Ḩoseynqolī, CountryCode=IR, ExpectedName=Qarālar-e Mīrzā Ḩoseynqolī, ExpectedCountry=IR}]]>
              </value>
            </param>
          </params>
          <reporter-output>
            <line>
              <![CDATA[11:31:01.820 [main] INFO  com.currentweather.utils.LogHelper - 1. Send Get request to the server with city = Qarālar-e Mīrzā Ḩoseynqolī and sate name = and country code = IR
]]>
            </line>
            <line>
              <![CDATA[]]>
            </line>
            <line>
              <![CDATA[11:31:01.916 [main] INFO  com.currentweather.utils.LogHelper - 2. Get content type of api
]]>
            </line>
            <line>
              <![CDATA[]]>
            </line>
            <line>
              <![CDATA[11:31:01.917 [main] INFO  com.currentweather.utils.LogHelper - *Validation Point*: Verify content type is default JSON 
]]>
            </line>
            <line>
              <![CDATA[]]>
            </line>
            <line>
              <![CDATA[11:31:01.917 [main] INFO  com.currentweather.utils.LogHelper - 3. Get the response status code
]]>
            </line>
            <line>
              <![CDATA[]]>
            </line>
            <line>
              <![CDATA[11:31:01.917 [main] INFO  com.currentweather.utils.LogHelper - *Validation Point*: Verify response status code is 200
]]>
            </line>
            <line>
              <![CDATA[]]>
            </line>
            <line>
              <![CDATA[11:31:01.917 [main] INFO  com.currentweather.utils.LogHelper - 4. Get response body
]]>
            </line>
            <line>
              <![CDATA[]]>
            </line>
            <line>
              <![CDATA[11:31:01.918 [main] INFO  com.currentweather.utils.LogHelper - *Validation Point*: Verify response body returns correctly longitude
]]>
            </line>
            <line>
              <![CDATA[]]>
            </line>
            <line>
              <![CDATA[11:31:01.927 [main] INFO  com.currentweather.utils.LogHelper - *Validation Point*: Verify response body returns correctly latitude
]]>
            </line>
            <line>
              <![CDATA[]]>
            </line>
            <line>
              <![CDATA[11:31:01.939 [main] INFO  com.currentweather.utils.LogHelper - *Validation Point*: Verify response body returns correctly location id
]]>
            </line>
            <line>
              <![CDATA[]]>
            </line>
            <line>
              <![CDATA[11:31:01.947 [main] INFO  com.currentweather.utils.LogHelper - *Validation Point*: Verify response body returns correctly location name
]]>
            </line>
            <line>
              <![CDATA[]]>
            </line>
            <line>
              <![CDATA[11:31:01.965 [main] INFO  com.currentweather.utils.LogHelper - *Validation Point*: Verify response body returns correctly location cod
]]>
            </line>
            <line>
              <![CDATA[]]>
            </line>
            <line>
              <![CDATA[11:31:01.979 [main] INFO  com.currentweather.utils.LogHelper - *Validation Point*: Verify response body returns correctly country
]]>
            </line>
            <line>
              <![CDATA[]]>
            </line>
          </reporter-output>
        </test-method> <!-- TC_API_0005_Get_current_weather_data_with_VALID_CityName_and_StateCode_and_CountryCode -->
      </class> <!-- com.currentweather.api.TC_API_0005_Get_current_weather_data_with_VALID_CityName_and_StateCode_and_CountryCode -->
    </test> <!-- Get current data for one location by City Name, State Code and Country Code -->
  </suite> <!-- All API Test Suite -->
</testng-results>
